{"/home/travis/build/npmtest/node-npmtest-chromecast-player/test.js":{"path":"/home/travis/build/npmtest/node-npmtest-chromecast-player/test.js","s":{"1":2,"2":2,"3":2,"4":2,"5":2,"6":2,"7":2,"8":1,"9":2,"10":2,"11":1,"12":1,"13":1,"14":1,"15":2,"16":2,"17":2,"18":2,"19":1,"20":1,"21":2,"22":2,"23":2,"24":1,"25":1,"26":1,"27":1,"28":1,"29":1,"30":1,"31":1,"32":1,"33":1,"34":1,"35":1,"36":1,"37":1,"38":1,"39":2,"40":2,"41":1,"42":2,"43":2,"44":1,"45":2,"46":2,"47":1,"48":2,"49":2,"50":1,"51":1,"52":1,"53":1,"54":1},"b":{"1":[2,1,1,1],"2":[1,1,1,1],"3":[1,1],"4":[1,1],"5":[1,1],"6":[1,1],"7":[1,1],"8":[1,1],"9":[1,1],"10":[1,1,1],"11":[1,1],"12":[1,1],"13":[1,1],"14":[1,1],"15":[1,1],"16":[1,1],"17":[1,1]},"f":{"1":2,"2":2,"3":2,"4":2,"5":2,"6":1,"7":1,"8":1,"9":2,"10":2,"11":2,"12":2,"13":1},"fnMap":{"1":{"name":"(anonymous_1)","line":12,"loc":{"start":{"line":12,"column":1},"end":{"line":12,"column":13}}},"2":{"name":"(anonymous_2)","line":19,"loc":{"start":{"line":19,"column":5},"end":{"line":19,"column":17}}},"3":{"name":"(anonymous_3)","line":23,"loc":{"start":{"line":23,"column":24},"end":{"line":23,"column":36}}},"4":{"name":"(anonymous_4)","line":61,"loc":{"start":{"line":61,"column":5},"end":{"line":61,"column":17}}},"5":{"name":"(anonymous_5)","line":82,"loc":{"start":{"line":82,"column":5},"end":{"line":82,"column":17}}},"6":{"name":"(anonymous_6)","line":91,"loc":{"start":{"line":91,"column":77},"end":{"line":94,"column":10}}},"7":{"name":"(anonymous_7)","line":112,"loc":{"start":{"line":112,"column":83},"end":{"line":115,"column":10}},"skip":true},"8":{"name":"(anonymous_8)","line":123,"loc":{"start":{"line":123,"column":77},"end":{"line":126,"column":10}},"skip":true},"9":{"name":"(anonymous_9)","line":139,"loc":{"start":{"line":139,"column":12},"end":{"line":139,"column":40}},"skip":true},"10":{"name":"(anonymous_10)","line":147,"loc":{"start":{"line":147,"column":77},"end":{"line":150,"column":10}},"skip":true},"11":{"name":"(anonymous_11)","line":158,"loc":{"start":{"line":158,"column":83},"end":{"line":161,"column":10}},"skip":true},"12":{"name":"(anonymous_12)","line":169,"loc":{"start":{"line":169,"column":79},"end":{"line":172,"column":10}},"skip":true},"13":{"name":"(anonymous_13)","line":180,"loc":{"start":{"line":180,"column":75},"end":{"line":183,"column":10}},"skip":true}},"statementMap":{"1":{"start":{"line":12,"column":0},"end":{"line":195,"column":5}},"2":{"start":{"line":14,"column":4},"end":{"line":14,"column":14}},"3":{"start":{"line":19,"column":4},"end":{"line":56,"column":9}},"4":{"start":{"line":21,"column":8},"end":{"line":21,"column":19}},"5":{"start":{"line":23,"column":8},"end":{"line":35,"column":13}},"6":{"start":{"line":24,"column":12},"end":{"line":34,"column":13}},"7":{"start":{"line":25,"column":16},"end":{"line":28,"column":30}},"8":{"start":{"line":30,"column":16},"end":{"line":33,"column":27}},"9":{"start":{"line":37,"column":8},"end":{"line":39,"column":21}},"10":{"start":{"line":40,"column":8},"end":{"line":53,"column":9}},"11":{"start":{"line":43,"column":12},"end":{"line":46,"column":14}},"12":{"start":{"line":47,"column":12},"end":{"line":47,"column":18}},"13":{"start":{"line":50,"column":12},"end":{"line":51,"column":46}},"14":{"start":{"line":52,"column":12},"end":{"line":52,"column":18}},"15":{"start":{"line":55,"column":8},"end":{"line":55,"column":35}},"16":{"start":{"line":61,"column":4},"end":{"line":63,"column":9}},"17":{"start":{"line":62,"column":8},"end":{"line":62,"column":15}},"18":{"start":{"line":64,"column":4},"end":{"line":77,"column":5}},"19":{"start":{"line":70,"column":8},"end":{"line":70,"column":14}},"20":{"start":{"line":76,"column":8},"end":{"line":76,"column":14}},"21":{"start":{"line":82,"column":4},"end":{"line":84,"column":9}},"22":{"start":{"line":83,"column":8},"end":{"line":83,"column":15}},"23":{"start":{"line":85,"column":4},"end":{"line":194,"column":5}},"24":{"start":{"line":91,"column":8},"end":{"line":99,"column":10}},"25":{"start":{"line":98,"column":12},"end":{"line":98,"column":35}},"26":{"start":{"line":102,"column":8},"end":{"line":104,"column":63}},"27":{"start":{"line":105,"column":8},"end":{"line":105,"column":14}},"28":{"start":{"line":112,"column":8},"end":{"line":121,"column":10},"skip":true},"29":{"start":{"line":119,"column":12},"end":{"line":119,"column":55},"skip":true},"30":{"start":{"line":120,"column":12},"end":{"line":120,"column":48},"skip":true},"31":{"start":{"line":123,"column":8},"end":{"line":136,"column":10},"skip":true},"32":{"start":{"line":130,"column":12},"end":{"line":130,"column":76},"skip":true},"33":{"start":{"line":131,"column":12},"end":{"line":131,"column":73},"skip":true},"34":{"start":{"line":132,"column":12},"end":{"line":132,"column":74},"skip":true},"35":{"start":{"line":133,"column":12},"end":{"line":133,"column":79},"skip":true},"36":{"start":{"line":134,"column":12},"end":{"line":134,"column":25},"skip":true},"37":{"start":{"line":135,"column":12},"end":{"line":135,"column":45},"skip":true},"38":{"start":{"line":138,"column":8},"end":{"line":145,"column":14},"skip":true},"39":{"start":{"line":143,"column":16},"end":{"line":143,"column":29},"skip":true},"40":{"start":{"line":144,"column":16},"end":{"line":144,"column":55},"skip":true},"41":{"start":{"line":147,"column":8},"end":{"line":156,"column":10},"skip":true},"42":{"start":{"line":154,"column":12},"end":{"line":154,"column":25},"skip":true},"43":{"start":{"line":155,"column":12},"end":{"line":155,"column":45},"skip":true},"44":{"start":{"line":158,"column":8},"end":{"line":167,"column":10},"skip":true},"45":{"start":{"line":165,"column":12},"end":{"line":165,"column":25},"skip":true},"46":{"start":{"line":166,"column":12},"end":{"line":166,"column":48},"skip":true},"47":{"start":{"line":169,"column":8},"end":{"line":178,"column":10},"skip":true},"48":{"start":{"line":176,"column":12},"end":{"line":176,"column":25},"skip":true},"49":{"start":{"line":177,"column":12},"end":{"line":177,"column":46},"skip":true},"50":{"start":{"line":180,"column":8},"end":{"line":189,"column":10},"skip":true},"51":{"start":{"line":187,"column":12},"end":{"line":187,"column":94},"skip":true},"52":{"start":{"line":188,"column":12},"end":{"line":188,"column":48},"skip":true},"53":{"start":{"line":192,"column":8},"end":{"line":192,"column":35},"skip":true},"54":{"start":{"line":193,"column":8},"end":{"line":193,"column":14},"skip":true}},"branchMap":{"1":{"line":25,"type":"binary-expr","locations":[{"start":{"line":25,"column":23},"end":{"line":25,"column":62}},{"start":{"line":26,"column":20},"end":{"line":26,"column":70}},{"start":{"line":27,"column":20},"end":{"line":27,"column":71}},{"start":{"line":28,"column":20},"end":{"line":28,"column":29}}]},"2":{"line":30,"type":"binary-expr","locations":[{"start":{"line":30,"column":23},"end":{"line":30,"column":37}},{"start":{"line":31,"column":20},"end":{"line":31,"column":61}},{"start":{"line":32,"column":20},"end":{"line":32,"column":70}},{"start":{"line":33,"column":20},"end":{"line":33,"column":26}}]},"3":{"line":37,"type":"cond-expr","locations":[{"start":{"line":38,"column":14},"end":{"line":38,"column":20}},{"start":{"line":39,"column":14},"end":{"line":39,"column":20}}]},"4":{"line":40,"type":"switch","locations":[{"start":{"line":42,"column":8},"end":{"line":47,"column":18}},{"start":{"line":49,"column":8},"end":{"line":52,"column":18}}]},"5":{"line":44,"type":"binary-expr","locations":[{"start":{"line":44,"column":16},"end":{"line":44,"column":44}},{"start":{"line":44,"column":48},"end":{"line":44,"column":66}}]},"6":{"line":50,"type":"binary-expr","locations":[{"start":{"line":50,"column":21},"end":{"line":50,"column":49}},{"start":{"line":50,"column":53},"end":{"line":50,"column":72}}]},"7":{"line":64,"type":"switch","locations":[{"start":{"line":69,"column":4},"end":{"line":70,"column":14}},{"start":{"line":75,"column":4},"end":{"line":76,"column":14}}]},"8":{"line":85,"type":"switch","locations":[{"start":{"line":90,"column":4},"end":{"line":105,"column":14}},{"start":{"line":111,"column":4},"end":{"line":193,"column":14},"skip":true}]},"9":{"line":91,"type":"binary-expr","locations":[{"start":{"line":91,"column":42},"end":{"line":91,"column":73}},{"start":{"line":91,"column":77},"end":{"line":99,"column":9}}]},"10":{"line":102,"type":"binary-expr","locations":[{"start":{"line":102,"column":18},"end":{"line":102,"column":32}},{"start":{"line":103,"column":12},"end":{"line":103,"column":53}},{"start":{"line":104,"column":12},"end":{"line":104,"column":61}}]},"11":{"line":112,"type":"binary-expr","locations":[{"start":{"line":112,"column":45},"end":{"line":112,"column":79},"skip":true},{"start":{"line":112,"column":83},"end":{"line":121,"column":9},"skip":true}]},"12":{"line":123,"type":"binary-expr","locations":[{"start":{"line":123,"column":42},"end":{"line":123,"column":73},"skip":true},{"start":{"line":123,"column":77},"end":{"line":136,"column":9},"skip":true}]},"13":{"line":138,"type":"binary-expr","locations":[{"start":{"line":138,"column":48},"end":{"line":138,"column":85},"skip":true},{"start":{"line":139,"column":12},"end":{"line":145,"column":13},"skip":true}]},"14":{"line":147,"type":"binary-expr","locations":[{"start":{"line":147,"column":42},"end":{"line":147,"column":73},"skip":true},{"start":{"line":147,"column":77},"end":{"line":156,"column":9},"skip":true}]},"15":{"line":158,"type":"binary-expr","locations":[{"start":{"line":158,"column":45},"end":{"line":158,"column":79},"skip":true},{"start":{"line":158,"column":83},"end":{"line":167,"column":9},"skip":true}]},"16":{"line":169,"type":"binary-expr","locations":[{"start":{"line":169,"column":43},"end":{"line":169,"column":75},"skip":true},{"start":{"line":169,"column":79},"end":{"line":178,"column":9},"skip":true}]},"17":{"line":180,"type":"binary-expr","locations":[{"start":{"line":180,"column":41},"end":{"line":180,"column":71},"skip":true},{"start":{"line":180,"column":75},"end":{"line":189,"column":9},"skip":true}]}},"code":["/* istanbul instrument in package npmtest_chromecast_player */","/*jslint","    bitwise: true,","    browser: true,","    maxerr: 8,","    maxlen: 96,","    node: true,","    nomen: true,","    regexp: true,","    stupid: true","*/","(function () {","    'use strict';","    var local;","","","","    // run shared js-env code - pre-init","    (function () {","        // init local","        local = {};","        // init modeJs","        local.modeJs = (function () {","            try {","                return typeof navigator.userAgent === 'string' &&","                    typeof document.querySelector('body') === 'object' &&","                    typeof XMLHttpRequest.prototype.open === 'function' &&","                    'browser';","            } catch (errorCaughtBrowser) {","                return module.exports &&","                    typeof process.versions.node === 'string' &&","                    typeof require('http').createServer === 'function' &&","                    'node';","            }","        }());","        // init global","        local.global = local.modeJs === 'browser'","            ? window","            : global;","        switch (local.modeJs) {","        // re-init local from window.local","        case 'browser':","            local = local.global.utility2.objectSetDefault(","                local.global.utility2_rollup || local.global.local,","                local.global.utility2","            );","            break;","        // re-init local from example.js","        case 'node':","            local = (local.global.utility2_rollup || require('utility2'))","                .requireExampleJsFromReadme();","            break;","        }","        // export local","        local.global.local = local;","    }());","","","","    // run shared js-env code - function","    (function () {","        return;","    }());","    switch (local.modeJs) {","","","","    // run browser js-env code - function","    case 'browser':","        break;","","","","    // run node js-env code - function","    case 'node':","        break;","    }","","","","    // run shared js-env code - post-init","    (function () {","        return;","    }());","    switch (local.modeJs) {","","","","    // run browser js-env code - post-init","    case 'browser':","        local.testCase_browser_nullCase = local.testCase_browser_nullCase || function (","            options,","            onError","        ) {","        /*","         * this function will test browsers's null-case handling-behavior-behavior","         */","            onError(null, options);","        };","","        // run tests","        local.nop(local.modeTest &&","            document.querySelector('#testRunButton1') &&","            document.querySelector('#testRunButton1').click());","        break;","","","","    // run node js-env code - post-init","    /* istanbul ignore next */","    case 'node':","        local.testCase_buildApidoc_default = local.testCase_buildApidoc_default || function (","            options,","            onError","        ) {","        /*","         * this function will test buildApidoc's default handling-behavior-behavior","         */","            options = { modulePathList: module.paths };","            local.buildApidoc(options, onError);","        };","","        local.testCase_buildApp_default = local.testCase_buildApp_default || function (","            options,","            onError","        ) {","        /*","         * this function will test buildApp's default handling-behavior-behavior","         */","            local.testCase_buildReadme_default(options, local.onErrorThrow);","            local.testCase_buildLib_default(options, local.onErrorThrow);","            local.testCase_buildTest_default(options, local.onErrorThrow);","            local.testCase_buildCustomOrg_default(options, local.onErrorThrow);","            options = [];","            local.buildApp(options, onError);","        };","","        local.testCase_buildCustomOrg_default = local.testCase_buildCustomOrg_default ||","            function (options, onError) {","            /*","             * this function will test buildCustomOrg's default handling-behavior","             */","                options = {};","                local.buildCustomOrg(options, onError);","            };","","        local.testCase_buildLib_default = local.testCase_buildLib_default || function (","            options,","            onError","        ) {","        /*","         * this function will test buildLib's default handling-behavior","         */","            options = {};","            local.buildLib(options, onError);","        };","","        local.testCase_buildReadme_default = local.testCase_buildReadme_default || function (","            options,","            onError","        ) {","        /*","         * this function will test buildReadme's default handling-behavior-behavior","         */","            options = {};","            local.buildReadme(options, onError);","        };","","        local.testCase_buildTest_default = local.testCase_buildTest_default || function (","            options,","            onError","        ) {","        /*","         * this function will test buildTest's default handling-behavior","         */","            options = {};","            local.buildTest(options, onError);","        };","","        local.testCase_webpage_default = local.testCase_webpage_default || function (","            options,","            onError","        ) {","        /*","         * this function will test webpage's default handling-behavior","         */","            options = { modeCoverageMerge: true, url: local.serverLocalHost + '?modeTest=1' };","            local.browserTest(options, onError);","        };","","        // run test-server","        local.testRunServer(local);","        break;","    }","}());",""],"l":{"12":2,"14":2,"19":2,"21":2,"23":2,"24":2,"25":2,"30":1,"37":2,"40":2,"43":1,"47":1,"50":1,"52":1,"55":2,"61":2,"62":2,"64":2,"70":1,"76":1,"82":2,"83":2,"85":2,"91":1,"98":1,"102":1,"105":1,"112":1,"119":1,"120":1,"123":1,"130":1,"131":1,"132":1,"133":1,"134":1,"135":1,"138":1,"143":2,"144":2,"147":1,"154":2,"155":2,"158":1,"165":2,"166":2,"169":1,"176":2,"177":2,"180":1,"187":1,"188":1,"192":1,"193":1}},"/home/travis/build/npmtest/node-npmtest-chromecast-player/lib.npmtest_chromecast_player.js":{"path":"/home/travis/build/npmtest/node-npmtest-chromecast-player/lib.npmtest_chromecast_player.js","s":{"1":2,"2":2,"3":2,"4":2,"5":2,"6":2,"7":2,"8":1,"9":2,"10":2,"11":2,"12":2,"13":1,"14":1,"15":1,"16":1},"b":{"1":[2,1,1,1],"2":[1,1,1,1],"3":[1,1],"4":[2,2],"5":[1,1]},"f":{"1":2,"2":2,"3":2},"fnMap":{"1":{"name":"(anonymous_1)","line":12,"loc":{"start":{"line":12,"column":1},"end":{"line":12,"column":13}}},"2":{"name":"(anonymous_2)","line":19,"loc":{"start":{"line":19,"column":5},"end":{"line":19,"column":17}}},"3":{"name":"(anonymous_3)","line":23,"loc":{"start":{"line":23,"column":24},"end":{"line":23,"column":36}}}},"statementMap":{"1":{"start":{"line":12,"column":0},"end":{"line":53,"column":5}},"2":{"start":{"line":14,"column":4},"end":{"line":14,"column":14}},"3":{"start":{"line":19,"column":4},"end":{"line":52,"column":9}},"4":{"start":{"line":21,"column":8},"end":{"line":21,"column":19}},"5":{"start":{"line":23,"column":8},"end":{"line":35,"column":13}},"6":{"start":{"line":24,"column":12},"end":{"line":34,"column":13}},"7":{"start":{"line":25,"column":16},"end":{"line":28,"column":30}},"8":{"start":{"line":30,"column":16},"end":{"line":33,"column":27}},"9":{"start":{"line":37,"column":8},"end":{"line":39,"column":21}},"10":{"start":{"line":41,"column":8},"end":{"line":41,"column":54}},"11":{"start":{"line":43,"column":8},"end":{"line":43,"column":62}},"12":{"start":{"line":45,"column":8},"end":{"line":51,"column":9}},"13":{"start":{"line":46,"column":12},"end":{"line":46,"column":68}},"14":{"start":{"line":48,"column":12},"end":{"line":48,"column":35}},"15":{"start":{"line":49,"column":12},"end":{"line":49,"column":49}},"16":{"start":{"line":50,"column":12},"end":{"line":50,"column":43}}},"branchMap":{"1":{"line":25,"type":"binary-expr","locations":[{"start":{"line":25,"column":23},"end":{"line":25,"column":62}},{"start":{"line":26,"column":20},"end":{"line":26,"column":70}},{"start":{"line":27,"column":20},"end":{"line":27,"column":71}},{"start":{"line":28,"column":20},"end":{"line":28,"column":29}}]},"2":{"line":30,"type":"binary-expr","locations":[{"start":{"line":30,"column":23},"end":{"line":30,"column":37}},{"start":{"line":31,"column":20},"end":{"line":31,"column":61}},{"start":{"line":32,"column":20},"end":{"line":32,"column":70}},{"start":{"line":33,"column":20},"end":{"line":33,"column":26}}]},"3":{"line":37,"type":"cond-expr","locations":[{"start":{"line":38,"column":14},"end":{"line":38,"column":20}},{"start":{"line":39,"column":14},"end":{"line":39,"column":20}}]},"4":{"line":41,"type":"binary-expr","locations":[{"start":{"line":41,"column":16},"end":{"line":41,"column":44}},{"start":{"line":41,"column":48},"end":{"line":41,"column":53}}]},"5":{"line":45,"type":"if","locations":[{"start":{"line":45,"column":8},"end":{"line":45,"column":8}},{"start":{"line":45,"column":8},"end":{"line":45,"column":8}}]}},"code":["/* istanbul instrument in package npmtest_chromecast_player */","/*jslint","    bitwise: true,","    browser: true,","    maxerr: 8,","    maxlen: 96,","    node: true,","    nomen: true,","    regexp: true,","    stupid: true","*/","(function () {","    'use strict';","    var local;","","","","    // run shared js-env code - pre-init","    (function () {","        // init local","        local = {};","        // init modeJs","        local.modeJs = (function () {","            try {","                return typeof navigator.userAgent === 'string' &&","                    typeof document.querySelector('body') === 'object' &&","                    typeof XMLHttpRequest.prototype.open === 'function' &&","                    'browser';","            } catch (errorCaughtBrowser) {","                return module.exports &&","                    typeof process.versions.node === 'string' &&","                    typeof require('http').createServer === 'function' &&","                    'node';","            }","        }());","        // init global","        local.global = local.modeJs === 'browser'","            ? window","            : global;","        // init utility2_rollup","        local = local.global.utility2_rollup || local;","        // init lib","        local.local = local.npmtest_chromecast_player = local;","        // init exports","        if (local.modeJs === 'browser') {","            local.global.utility2_npmtest_chromecast_player = local;","        } else {","            module.exports = local;","            module.exports.__dirname = __dirname;","            module.exports.module = module;","        }","    }());","}());",""],"l":{"12":2,"14":2,"19":2,"21":2,"23":2,"24":2,"25":2,"30":1,"37":2,"41":2,"43":2,"45":2,"46":1,"48":1,"49":1,"50":1}},"/home/travis/build/npmtest/node-npmtest-chromecast-player/example.js":{"path":"/home/travis/build/npmtest/node-npmtest-chromecast-player/example.js","s":{"1":2,"2":2,"3":2,"4":2,"5":2,"6":2,"7":2,"8":1,"9":2,"10":2,"11":2,"12":2,"13":1,"14":2,"15":2,"16":2,"17":2,"18":2,"19":0,"20":2,"21":1,"22":1,"23":1,"24":1,"25":1,"26":0,"27":0,"28":1,"29":1,"30":2,"31":0,"32":0,"33":0,"34":1,"35":2,"36":2,"37":3,"38":3,"39":3,"40":3,"41":0,"42":3,"43":3,"44":3,"45":1,"46":3,"47":1,"48":1,"49":1,"50":1,"51":1,"52":1,"53":1,"54":1,"55":1,"56":1,"57":0,"58":1,"59":6,"60":6,"61":1,"62":2,"63":0,"64":2,"65":1,"66":1,"67":0,"68":0,"69":0,"70":0,"71":0,"72":0,"73":0,"74":0,"75":0,"76":0,"77":0,"78":0,"79":0,"80":0,"81":0,"82":0,"83":0},"b":{"1":[2,1,1,1],"2":[1,1,1,1],"3":[1,1],"4":[2,2],"5":[1,1],"6":[1,1],"7":[2,0],"8":[2,1,1,1,1,1],"9":[0,2,0],"10":[1,1],"11":[2,1,1],"12":[1,0],"13":[0,2],"14":[2,0,0,0,0,0,0],"15":[0,3],"16":[3,0],"17":[1,1],"18":[0,1],"19":[1,2,0,2],"20":[1,0],"21":[1,1],"22":[0,0],"23":[0,0],"24":[0,0],"25":[0,0],"26":[0,0],"27":[0,0],"28":[0,0]},"f":{"1":2,"2":2,"3":2,"4":2,"5":2,"6":2,"7":3,"8":3,"9":3,"10":1,"11":6,"12":0},"fnMap":{"1":{"name":"(anonymous_1)","line":26,"loc":{"start":{"line":26,"column":1},"end":{"line":26,"column":13}}},"2":{"name":"(anonymous_2)","line":33,"loc":{"start":{"line":33,"column":5},"end":{"line":33,"column":17}}},"3":{"name":"(anonymous_3)","line":37,"loc":{"start":{"line":37,"column":24},"end":{"line":37,"column":36}}},"4":{"name":"(anonymous_4)","line":69,"loc":{"start":{"line":69,"column":31},"end":{"line":69,"column":48}},"skip":true},"5":{"name":"(anonymous_5)","line":78,"loc":{"start":{"line":78,"column":26},"end":{"line":78,"column":45}},"skip":true},"6":{"name":"(anonymous_6)","line":123,"loc":{"start":{"line":123,"column":33},"end":{"line":123,"column":48}},"skip":true},"7":{"name":"(anonymous_7)","line":125,"loc":{"start":{"line":125,"column":27},"end":{"line":125,"column":39}},"skip":true},"8":{"name":"(anonymous_8)","line":133,"loc":{"start":{"line":133,"column":59},"end":{"line":133,"column":74}},"skip":true},"9":{"name":"(anonymous_9)","line":143,"loc":{"start":{"line":143,"column":45},"end":{"line":143,"column":62}},"skip":true},"10":{"name":"(anonymous_10)","line":144,"loc":{"start":{"line":144,"column":73},"end":{"line":144,"column":92}},"skip":true},"11":{"name":"(anonymous_11)","line":272,"loc":{"start":{"line":272,"column":51},"end":{"line":272,"column":77}},"skip":true},"12":{"name":"(anonymous_12)","line":315,"loc":{"start":{"line":315,"column":32},"end":{"line":315,"column":61}},"skip":true}},"statementMap":{"1":{"start":{"line":26,"column":0},"end":{"line":326,"column":5}},"2":{"start":{"line":28,"column":4},"end":{"line":28,"column":14}},"3":{"start":{"line":33,"column":4},"end":{"line":60,"column":9}},"4":{"start":{"line":35,"column":8},"end":{"line":35,"column":19}},"5":{"start":{"line":37,"column":8},"end":{"line":49,"column":13}},"6":{"start":{"line":38,"column":12},"end":{"line":48,"column":13}},"7":{"start":{"line":39,"column":16},"end":{"line":42,"column":30}},"8":{"start":{"line":44,"column":16},"end":{"line":47,"column":27}},"9":{"start":{"line":51,"column":8},"end":{"line":53,"column":21}},"10":{"start":{"line":55,"column":8},"end":{"line":57,"column":45}},"11":{"start":{"line":59,"column":8},"end":{"line":59,"column":35}},"12":{"start":{"line":61,"column":4},"end":{"line":325,"column":5}},"13":{"start":{"line":69,"column":8},"end":{"line":121,"column":10},"skip":true},"14":{"start":{"line":70,"column":12},"end":{"line":88,"column":13},"skip":true},"15":{"start":{"line":76,"column":16},"end":{"line":87,"column":19},"skip":true},"16":{"start":{"line":79,"column":20},"end":{"line":86,"column":21},"skip":true},"17":{"start":{"line":82,"column":24},"end":{"line":82,"column":43},"skip":true},"18":{"start":{"line":83,"column":24},"end":{"line":83,"column":30},"skip":true},"19":{"start":{"line":85,"column":24},"end":{"line":85,"column":49},"skip":true},"20":{"start":{"line":89,"column":12},"end":{"line":107,"column":13},"skip":true},"21":{"start":{"line":92,"column":16},"end":{"line":102,"column":17},"skip":true},"22":{"start":{"line":93,"column":20},"end":{"line":93,"column":86},"skip":true},"23":{"start":{"line":94,"column":20},"end":{"line":95,"column":45},"skip":true},"24":{"start":{"line":96,"column":20},"end":{"line":96,"column":42},"skip":true},"25":{"start":{"line":97,"column":20},"end":{"line":97,"column":48},"skip":true},"26":{"start":{"line":100,"column":20},"end":{"line":100,"column":85},"skip":true},"27":{"start":{"line":101,"column":20},"end":{"line":101,"column":96},"skip":true},"28":{"start":{"line":103,"column":16},"end":{"line":103,"column":22},"skip":true},"29":{"start":{"line":106,"column":16},"end":{"line":106,"column":22},"skip":true},"30":{"start":{"line":108,"column":12},"end":{"line":120,"column":13},"skip":true},"31":{"start":{"line":114,"column":16},"end":{"line":119,"column":17},"skip":true},"32":{"start":{"line":116,"column":20},"end":{"line":116,"column":78},"skip":true},"33":{"start":{"line":118,"column":20},"end":{"line":118,"column":47},"skip":true},"34":{"start":{"line":123,"column":8},"end":{"line":141,"column":11},"skip":true},"35":{"start":{"line":124,"column":12},"end":{"line":124,"column":54},"skip":true},"36":{"start":{"line":125,"column":12},"end":{"line":140,"column":14},"skip":true},"37":{"start":{"line":126,"column":16},"end":{"line":126,"column":28},"skip":true},"38":{"start":{"line":127,"column":16},"end":{"line":127,"column":69},"skip":true},"39":{"start":{"line":128,"column":16},"end":{"line":128,"column":75},"skip":true},"40":{"start":{"line":129,"column":16},"end":{"line":131,"column":17},"skip":true},"41":{"start":{"line":130,"column":20},"end":{"line":130,"column":27},"skip":true},"42":{"start":{"line":133,"column":16},"end":{"line":137,"column":36},"skip":true},"43":{"start":{"line":134,"column":20},"end":{"line":136,"column":55},"skip":true},"44":{"start":{"line":139,"column":16},"end":{"line":139,"column":57},"skip":true},"45":{"start":{"line":143,"column":8},"end":{"line":147,"column":11},"skip":true},"46":{"start":{"line":144,"column":12},"end":{"line":146,"column":15},"skip":true},"47":{"start":{"line":145,"column":16},"end":{"line":145,"column":70},"skip":true},"48":{"start":{"line":149,"column":8},"end":{"line":149,"column":31},"skip":true},"49":{"start":{"line":150,"column":8},"end":{"line":150,"column":14},"skip":true},"50":{"start":{"line":158,"column":8},"end":{"line":158,"column":31},"skip":true},"51":{"start":{"line":160,"column":8},"end":{"line":160,"column":33},"skip":true},"52":{"start":{"line":161,"column":8},"end":{"line":161,"column":37},"skip":true},"53":{"start":{"line":162,"column":8},"end":{"line":162,"column":35},"skip":true},"54":{"start":{"line":164,"column":8},"end":{"line":164,"column":50},"skip":true},"55":{"start":{"line":166,"column":8},"end":{"line":256,"column":2},"skip":true},"56":{"start":{"line":258,"column":8},"end":{"line":286,"column":9},"skip":true},"57":{"start":{"line":259,"column":12},"end":{"line":269,"column":14},"skip":true},"58":{"start":{"line":271,"column":12},"end":{"line":285,"column":19},"skip":true},"59":{"start":{"line":274,"column":20},"end":{"line":274,"column":35},"skip":true},"60":{"start":{"line":275,"column":20},"end":{"line":284,"column":21},"skip":true},"61":{"start":{"line":277,"column":24},"end":{"line":277,"column":64},"skip":true},"62":{"start":{"line":279,"column":24},"end":{"line":279,"column":40},"skip":true},"63":{"start":{"line":281,"column":24},"end":{"line":281,"column":40},"skip":true},"64":{"start":{"line":283,"column":24},"end":{"line":283,"column":39},"skip":true},"65":{"start":{"line":288,"column":8},"end":{"line":290,"column":9},"skip":true},"66":{"start":{"line":289,"column":12},"end":{"line":289,"column":18},"skip":true},"67":{"start":{"line":291,"column":8},"end":{"line":293,"column":54},"skip":true},"68":{"start":{"line":296,"column":8},"end":{"line":301,"column":37},"skip":true},"69":{"start":{"line":303,"column":8},"end":{"line":303,"column":82},"skip":true},"70":{"start":{"line":306,"column":8},"end":{"line":308,"column":9},"skip":true},"71":{"start":{"line":307,"column":12},"end":{"line":307,"column":82},"skip":true},"72":{"start":{"line":310,"column":8},"end":{"line":312,"column":9},"skip":true},"73":{"start":{"line":311,"column":12},"end":{"line":311,"column":18},"skip":true},"74":{"start":{"line":313,"column":8},"end":{"line":313,"column":54},"skip":true},"75":{"start":{"line":314,"column":8},"end":{"line":314,"column":69},"skip":true},"76":{"start":{"line":315,"column":8},"end":{"line":323,"column":36},"skip":true},"77":{"start":{"line":316,"column":12},"end":{"line":316,"column":61},"skip":true},"78":{"start":{"line":317,"column":12},"end":{"line":320,"column":13},"skip":true},"79":{"start":{"line":318,"column":16},"end":{"line":318,"column":75},"skip":true},"80":{"start":{"line":319,"column":16},"end":{"line":319,"column":23},"skip":true},"81":{"start":{"line":321,"column":12},"end":{"line":321,"column":38},"skip":true},"82":{"start":{"line":322,"column":12},"end":{"line":322,"column":27},"skip":true},"83":{"start":{"line":324,"column":8},"end":{"line":324,"column":14},"skip":true}},"branchMap":{"1":{"line":39,"type":"binary-expr","locations":[{"start":{"line":39,"column":23},"end":{"line":39,"column":62}},{"start":{"line":40,"column":20},"end":{"line":40,"column":70}},{"start":{"line":41,"column":20},"end":{"line":41,"column":71}},{"start":{"line":42,"column":20},"end":{"line":42,"column":29}}]},"2":{"line":44,"type":"binary-expr","locations":[{"start":{"line":44,"column":23},"end":{"line":44,"column":37}},{"start":{"line":45,"column":20},"end":{"line":45,"column":61}},{"start":{"line":46,"column":20},"end":{"line":46,"column":70}},{"start":{"line":47,"column":20},"end":{"line":47,"column":26}}]},"3":{"line":51,"type":"cond-expr","locations":[{"start":{"line":52,"column":14},"end":{"line":52,"column":20}},{"start":{"line":53,"column":14},"end":{"line":53,"column":20}}]},"4":{"line":55,"type":"binary-expr","locations":[{"start":{"line":55,"column":16},"end":{"line":55,"column":44}},{"start":{"line":55,"column":49},"end":{"line":57,"column":43}}]},"5":{"line":55,"type":"cond-expr","locations":[{"start":{"line":56,"column":14},"end":{"line":56,"column":61}},{"start":{"line":57,"column":14},"end":{"line":57,"column":43}}]},"6":{"line":61,"type":"switch","locations":[{"start":{"line":68,"column":4},"end":{"line":150,"column":14},"skip":true},{"start":{"line":156,"column":4},"end":{"line":324,"column":14},"skip":true}]},"7":{"line":70,"type":"if","locations":[{"start":{"line":70,"column":12},"end":{"line":70,"column":12},"skip":true},{"start":{"line":70,"column":12},"end":{"line":70,"column":12},"skip":true}]},"8":{"line":70,"type":"binary-expr","locations":[{"start":{"line":70,"column":16},"end":{"line":70,"column":22},"skip":true},{"start":{"line":70,"column":27},"end":{"line":70,"column":32},"skip":true},{"start":{"line":71,"column":20},"end":{"line":71,"column":39},"skip":true},{"start":{"line":72,"column":20},"end":{"line":72,"column":49},"skip":true},{"start":{"line":73,"column":20},"end":{"line":73,"column":58},"skip":true},{"start":{"line":74,"column":20},"end":{"line":74,"column":69},"skip":true}]},"9":{"line":79,"type":"switch","locations":[{"start":{"line":80,"column":20},"end":{"line":80,"column":33},"skip":true},{"start":{"line":81,"column":20},"end":{"line":83,"column":30},"skip":true},{"start":{"line":84,"column":20},"end":{"line":85,"column":49},"skip":true}]},"10":{"line":89,"type":"switch","locations":[{"start":{"line":90,"column":12},"end":{"line":103,"column":22},"skip":true},{"start":{"line":105,"column":12},"end":{"line":106,"column":22},"skip":true}]},"11":{"line":89,"type":"binary-expr","locations":[{"start":{"line":89,"column":20},"end":{"line":89,"column":25},"skip":true},{"start":{"line":89,"column":29},"end":{"line":89,"column":48},"skip":true},{"start":{"line":89,"column":52},"end":{"line":89,"column":74},"skip":true}]},"12":{"line":92,"type":"if","locations":[{"start":{"line":92,"column":16},"end":{"line":92,"column":16},"skip":true},{"start":{"line":92,"column":16},"end":{"line":92,"column":16},"skip":true}]},"13":{"line":108,"type":"if","locations":[{"start":{"line":108,"column":12},"end":{"line":108,"column":12},"skip":true},{"start":{"line":108,"column":12},"end":{"line":108,"column":12},"skip":true}]},"14":{"line":108,"type":"binary-expr","locations":[{"start":{"line":108,"column":16},"end":{"line":108,"column":61},"skip":true},{"start":{"line":108,"column":66},"end":{"line":108,"column":72},"skip":true},{"start":{"line":108,"column":77},"end":{"line":108,"column":82},"skip":true},{"start":{"line":109,"column":20},"end":{"line":109,"column":39},"skip":true},{"start":{"line":110,"column":20},"end":{"line":110,"column":49},"skip":true},{"start":{"line":111,"column":20},"end":{"line":111,"column":58},"skip":true},{"start":{"line":112,"column":20},"end":{"line":112,"column":68},"skip":true}]},"15":{"line":129,"type":"if","locations":[{"start":{"line":129,"column":16},"end":{"line":129,"column":16},"skip":true},{"start":{"line":129,"column":16},"end":{"line":129,"column":16},"skip":true}]},"16":{"line":134,"type":"cond-expr","locations":[{"start":{"line":135,"column":26},"end":{"line":135,"column":29},"skip":true},{"start":{"line":136,"column":26},"end":{"line":136,"column":54},"skip":true}]},"17":{"line":164,"type":"binary-expr","locations":[{"start":{"line":164,"column":27},"end":{"line":164,"column":43},"skip":true},{"start":{"line":164,"column":47},"end":{"line":164,"column":49},"skip":true}]},"18":{"line":258,"type":"if","locations":[{"start":{"line":258,"column":8},"end":{"line":258,"column":8},"skip":true},{"start":{"line":258,"column":8},"end":{"line":258,"column":8},"skip":true}]},"19":{"line":275,"type":"switch","locations":[{"start":{"line":276,"column":20},"end":{"line":277,"column":64},"skip":true},{"start":{"line":278,"column":20},"end":{"line":279,"column":40},"skip":true},{"start":{"line":280,"column":20},"end":{"line":281,"column":40},"skip":true},{"start":{"line":282,"column":20},"end":{"line":283,"column":39},"skip":true}]},"20":{"line":288,"type":"if","locations":[{"start":{"line":288,"column":8},"end":{"line":288,"column":8},"skip":true},{"start":{"line":288,"column":8},"end":{"line":288,"column":8},"skip":true}]},"21":{"line":288,"type":"binary-expr","locations":[{"start":{"line":288,"column":12},"end":{"line":288,"column":40},"skip":true},{"start":{"line":288,"column":44},"end":{"line":288,"column":67},"skip":true}]},"22":{"line":292,"type":"binary-expr","locations":[{"start":{"line":292,"column":12},"end":{"line":292,"column":50},"skip":true},{"start":{"line":293,"column":12},"end":{"line":293,"column":53},"skip":true}]},"23":{"line":297,"type":"binary-expr","locations":[{"start":{"line":297,"column":12},"end":{"line":297,"column":75},"skip":true},{"start":{"line":298,"column":12},"end":{"line":301,"column":36},"skip":true}]},"24":{"line":303,"type":"binary-expr","locations":[{"start":{"line":303,"column":43},"end":{"line":303,"column":75},"skip":true},{"start":{"line":303,"column":79},"end":{"line":303,"column":81},"skip":true}]},"25":{"line":306,"type":"if","locations":[{"start":{"line":306,"column":8},"end":{"line":306,"column":8},"skip":true},{"start":{"line":306,"column":8},"end":{"line":306,"column":8},"skip":true}]},"26":{"line":310,"type":"if","locations":[{"start":{"line":310,"column":8},"end":{"line":310,"column":8},"skip":true},{"start":{"line":310,"column":8},"end":{"line":310,"column":8},"skip":true}]},"27":{"line":313,"type":"binary-expr","locations":[{"start":{"line":313,"column":27},"end":{"line":313,"column":43},"skip":true},{"start":{"line":313,"column":47},"end":{"line":313,"column":53},"skip":true}]},"28":{"line":317,"type":"if","locations":[{"start":{"line":317,"column":12},"end":{"line":317,"column":12},"skip":true},{"start":{"line":317,"column":12},"end":{"line":317,"column":12},"skip":true}]}},"code":["/*","example.js","","quickstart example","","instruction","    1. save this script as example.js","    2. run the shell command:","        $ npm install npmtest-chromecast-player && PORT=8081 node example.js","    3. play with the browser-demo on http://127.0.0.1:8081","*/","","","","/* istanbul instrument in package npmtest_chromecast_player */","/*jslint","    bitwise: true,","    browser: true,","    maxerr: 8,","    maxlen: 96,","    node: true,","    nomen: true,","    regexp: true,","    stupid: true","*/","(function () {","    'use strict';","    var local;","","","","    // run shared js-env code - pre-init","    (function () {","        // init local","        local = {};","        // init modeJs","        local.modeJs = (function () {","            try {","                return typeof navigator.userAgent === 'string' &&","                    typeof document.querySelector('body') === 'object' &&","                    typeof XMLHttpRequest.prototype.open === 'function' &&","                    'browser';","            } catch (errorCaughtBrowser) {","                return module.exports &&","                    typeof process.versions.node === 'string' &&","                    typeof require('http').createServer === 'function' &&","                    'node';","            }","        }());","        // init global","        local.global = local.modeJs === 'browser'","            ? window","            : global;","        // init utility2_rollup","        local = local.global.utility2_rollup || (local.modeJs === 'browser'","            ? local.global.utility2_npmtest_chromecast_player","            : global.utility2_moduleExports);","        // export local","        local.global.local = local;","    }());","    switch (local.modeJs) {","","","","    // post-init","    // run browser js-env code - post-init","    /* istanbul ignore next */","    case 'browser':","        local.testRunBrowser = function (event) {","            if (!event || (event &&","                    event.currentTarget &&","                    event.currentTarget.className &&","                    event.currentTarget.className.includes &&","                    event.currentTarget.className.includes('onreset'))) {","                // reset output","                Array.from(","                    document.querySelectorAll('body > .resettable')","                ).forEach(function (element) {","                    switch (element.tagName) {","                    case 'INPUT':","                    case 'TEXTAREA':","                        element.value = '';","                        break;","                    default:","                        element.textContent = '';","                    }","                });","            }","            switch (event && event.currentTarget && event.currentTarget.id) {","            case 'testRunButton1':","                // show tests","                if (document.querySelector('#testReportDiv1').style.display === 'none') {","                    document.querySelector('#testReportDiv1').style.display = 'block';","                    document.querySelector('#testRunButton1').textContent =","                        'hide internal test';","                    local.modeTest = true;","                    local.testRunDefault(local);","                // hide tests","                } else {","                    document.querySelector('#testReportDiv1').style.display = 'none';","                    document.querySelector('#testRunButton1').textContent = 'run internal test';","                }","                break;","            // custom-case","            default:","                break;","            }","            if (document.querySelector('#inputTextareaEval1') && (!event || (event &&","                    event.currentTarget &&","                    event.currentTarget.className &&","                    event.currentTarget.className.includes &&","                    event.currentTarget.className.includes('oneval')))) {","                // try to eval input-code","                try {","                    /*jslint evil: true*/","                    eval(document.querySelector('#inputTextareaEval1').value);","                } catch (errorCaught) {","                    console.error(errorCaught);","                }","            }","        };","        // log stderr and stdout to #outputTextareaStdout1","        ['error', 'log'].forEach(function (key) {","            console[key + '_original'] = console[key];","            console[key] = function () {","                var element;","                console[key + '_original'].apply(console, arguments);","                element = document.querySelector('#outputTextareaStdout1');","                if (!element) {","                    return;","                }","                // append text to #outputTextareaStdout1","                element.value += Array.from(arguments).map(function (arg) {","                    return typeof arg === 'string'","                        ? arg","                        : JSON.stringify(arg, null, 4);","                }).join(' ') + '\\n';","                // scroll textarea to bottom","                element.scrollTop = element.scrollHeight;","            };","        });","        // init event-handling","        ['change', 'click', 'keyup'].forEach(function (event) {","            Array.from(document.querySelectorAll('.on' + event)).forEach(function (element) {","                element.addEventListener(event, local.testRunBrowser);","            });","        });","        // run tests","        local.testRunBrowser();","        break;","","","","    // run node js-env code - post-init","    /* istanbul ignore next */","    case 'node':","        // export local","        module.exports = local;","        // require modules","        local.fs = require('fs');","        local.http = require('http');","        local.url = require('url');","        // init assets","        local.assetsDict = local.assetsDict || {};","        /* jslint-ignore-begin */","        local.assetsDict['/assets.index.template.html'] = '\\","<!doctype html>\\n\\","<html lang=\"en\">\\n\\","<head>\\n\\","<meta charset=\"UTF-8\">\\n\\","<meta name=\"viewport\" content=\"width=device-width, initial-scale=1\">\\n\\","<title>{{env.npm_package_name}} (v{{env.npm_package_version}})</title>\\n\\","<style>\\n\\","/*csslint\\n\\","    box-sizing: false,\\n\\","    universal-selector: false\\n\\","*/\\n\\","* {\\n\\","    box-sizing: border-box;\\n\\","}\\n\\","body {\\n\\","    background: #dde;\\n\\","    font-family: Arial, Helvetica, sans-serif;\\n\\","    margin: 2rem;\\n\\","}\\n\\","body > * {\\n\\","    margin-bottom: 1rem;\\n\\","}\\n\\",".utility2FooterDiv {\\n\\","    margin-top: 20px;\\n\\","    text-align: center;\\n\\","}\\n\\","</style>\\n\\","<style>\\n\\","/*csslint\\n\\","*/\\n\\","textarea {\\n\\","    font-family: monospace;\\n\\","    height: 10rem;\\n\\","    width: 100%;\\n\\","}\\n\\","textarea[readonly] {\\n\\","    background: #ddd;\\n\\","}\\n\\","</style>\\n\\","</head>\\n\\","<body>\\n\\","<!-- utility2-comment\\n\\","<div id=\"ajaxProgressDiv1\" style=\"background: #d00; height: 2px; left: 0; margin: 0; padding: 0; position: fixed; top: 0; transition: background 0.5s, width 1.5s; width: 25%;\"></div>\\n\\","utility2-comment -->\\n\\","<h1>\\n\\","<!-- utility2-comment\\n\\","    <a\\n\\","        {{#if env.npm_package_homepage}}\\n\\","        href=\"{{env.npm_package_homepage}}\"\\n\\","        {{/if env.npm_package_homepage}}\\n\\","        target=\"_blank\"\\n\\","    >\\n\\","utility2-comment -->\\n\\","        {{env.npm_package_name}} (v{{env.npm_package_version}})\\n\\","<!-- utility2-comment\\n\\","    </a>\\n\\","utility2-comment -->\\n\\","</h1>\\n\\","<h3>{{env.npm_package_description}}</h3>\\n\\","<!-- utility2-comment\\n\\","<h4><a download href=\"assets.app.js\">download standalone app</a></h4>\\n\\","<button class=\"onclick onreset\" id=\"testRunButton1\">run internal test</button><br>\\n\\","<div id=\"testReportDiv1\" style=\"display: none;\"></div>\\n\\","utility2-comment -->\\n\\","\\n\\","\\n\\","\\n\\","<label>stderr and stdout</label>\\n\\","<textarea class=\"resettable\" id=\"outputTextareaStdout1\" readonly></textarea>\\n\\","<!-- utility2-comment\\n\\","{{#if isRollup}}\\n\\","<script src=\"assets.app.js\"></script>\\n\\","{{#unless isRollup}}\\n\\","utility2-comment -->\\n\\","<script src=\"assets.utility2.rollup.js\"></script>\\n\\","<script src=\"jsonp.utility2._stateInit?callback=window.utility2._stateInit\"></script>\\n\\","<script src=\"assets.npmtest_chromecast_player.rollup.js\"></script>\\n\\","<script src=\"assets.example.js\"></script>\\n\\","<script src=\"assets.test.js\"></script>\\n\\","<!-- utility2-comment\\n\\","{{/if isRollup}}\\n\\","utility2-comment -->\\n\\","<div class=\"utility2FooterDiv\">\\n\\","    [ this app was created with\\n\\","    <a href=\"https://github.com/kaizhu256/node-utility2\" target=\"_blank\">utility2</a>\\n\\","    ]\\n\\","</div>\\n\\","</body>\\n\\","</html>\\n\\","';","        /* jslint-ignore-end */","        if (local.templateRender) {","            local.assetsDict['/'] = local.templateRender(","                local.assetsDict['/assets.index.template.html'],","                {","                    env: local.objectSetDefault(local.env, {","                        npm_package_description: 'the greatest app in the world!',","                        npm_package_name: 'my-app',","                        npm_package_nameAlias: 'my_app',","                        npm_package_version: '0.0.1'","                    })","                }","            );","        } else {","            local.assetsDict['/'] = local.assetsDict['/assets.index.template.html']","                .replace((/\\{\\{env\\.(\\w+?)\\}\\}/g), function (match0, match1) {","                    // jslint-hack","                    String(match0);","                    switch (match1) {","                    case 'npm_package_description':","                        return 'the greatest app in the world!';","                    case 'npm_package_name':","                        return 'my-app';","                    case 'npm_package_nameAlias':","                        return 'my_app';","                    case 'npm_package_version':","                        return '0.0.1';","                    }","                });","        }","        // run the cli","        if (local.global.utility2_rollup || module !== require.main) {","            break;","        }","        local.assetsDict['/assets.example.js'] =","            local.assetsDict['/assets.example.js'] ||","            local.fs.readFileSync(__filename, 'utf8');","        // bug-workaround - long $npm_package_buildCustomOrg","        /* jslint-ignore-begin */","        local.assetsDict['/assets.npmtest_chromecast_player.rollup.js'] =","            local.assetsDict['/assets.npmtest_chromecast_player.rollup.js'] ||","            local.fs.readFileSync(","                local.npmtest_chromecast_player.__dirname + '/lib.npmtest_chromecast_player.js',","                'utf8'","            ).replace((/^#!/), '//');","        /* jslint-ignore-end */","        local.assetsDict['/favicon.ico'] = local.assetsDict['/favicon.ico'] || '';","        // if $npm_config_timeout_exit exists,","        // then exit this process after $npm_config_timeout_exit ms","        if (Number(process.env.npm_config_timeout_exit)) {","            setTimeout(process.exit, Number(process.env.npm_config_timeout_exit));","        }","        // start server","        if (local.global.utility2_serverHttp1) {","            break;","        }","        process.env.PORT = process.env.PORT || '8081';","        console.error('server starting on port ' + process.env.PORT);","        local.http.createServer(function (request, response) {","            request.urlParsed = local.url.parse(request.url);","            if (local.assetsDict[request.urlParsed.pathname] !== undefined) {","                response.end(local.assetsDict[request.urlParsed.pathname]);","                return;","            }","            response.statusCode = 404;","            response.end();","        }).listen(process.env.PORT);","        break;","    }","}());",""],"l":{"26":2,"28":2,"33":2,"35":2,"37":2,"38":2,"39":2,"44":1,"51":2,"55":2,"59":2,"61":2,"69":1,"70":2,"76":2,"79":2,"82":2,"83":2,"85":1,"89":2,"92":1,"93":1,"94":1,"96":1,"97":1,"100":1,"101":1,"103":1,"106":1,"108":2,"114":1,"116":1,"118":1,"123":1,"124":2,"125":2,"126":3,"127":3,"128":3,"129":3,"130":1,"133":3,"134":3,"139":3,"143":1,"144":3,"145":1,"149":1,"150":1,"158":1,"160":1,"161":1,"162":1,"164":1,"166":1,"258":1,"259":1,"271":1,"274":6,"275":6,"277":1,"279":2,"281":1,"283":2,"288":1,"289":1,"291":1,"296":1,"303":1,"306":1,"307":1,"310":1,"311":1,"313":1,"314":1,"315":1,"316":1,"317":1,"318":1,"319":1,"321":1,"322":1,"324":1}},"/home/travis/build/npmtest/node-npmtest-chromecast-player/node_modules/chromecast-player/index.js":{"path":"/home/travis/build/npmtest/node-npmtest-chromecast-player/node_modules/chromecast-player/index.js","s":{"1":1,"2":1,"3":1,"4":1,"5":1,"6":1,"7":1,"8":1,"9":1,"10":1,"11":1,"12":1,"13":1,"14":1,"15":0,"16":0,"17":0,"18":0,"19":0,"20":0,"21":1,"22":0,"23":0,"24":0,"25":0,"26":0,"27":0,"28":0,"29":0,"30":0,"31":1,"32":0,"33":0,"34":0,"35":0,"36":0,"37":0,"38":0,"39":0,"40":0,"41":0,"42":0,"43":0,"44":0,"45":0,"46":0,"47":0,"48":0,"49":0,"50":0,"51":0,"52":0,"53":0,"54":0,"55":0,"56":0,"57":0,"58":0,"59":0,"60":0,"61":0,"62":0,"63":0,"64":0,"65":0,"66":0,"67":0,"68":0,"69":0,"70":0,"71":0,"72":0,"73":0,"74":0,"75":0,"76":0,"77":1,"78":1,"79":0,"80":0,"81":0,"82":0,"83":0,"84":0,"85":0,"86":0,"87":0,"88":0,"89":1,"90":0,"91":0,"92":0,"93":0,"94":0,"95":0,"96":0,"97":0,"98":0,"99":0,"100":0,"101":0,"102":0,"103":0,"104":0,"105":0,"106":0,"107":1,"108":0,"109":0,"110":0,"111":0,"112":0,"113":0,"114":0,"115":0,"116":0,"117":1,"118":0,"119":0,"120":0,"121":0,"122":0,"123":0,"124":0,"125":0,"126":0,"127":0,"128":0,"129":0,"130":0,"131":0,"132":0,"133":0,"134":0,"135":0,"136":0,"137":0,"138":0,"139":1,"140":0,"141":0,"142":0,"143":0,"144":0,"145":0,"146":1,"147":0,"148":0,"149":0,"150":0,"151":0,"152":0,"153":0,"154":0,"155":0,"156":0,"157":1,"158":0,"159":0,"160":0,"161":0,"162":0,"163":0,"164":0,"165":0,"166":0,"167":0,"168":0,"169":0,"170":0,"171":0,"172":0,"173":0,"174":0,"175":0,"176":1,"177":0,"178":0,"179":1,"180":1},"b":{"1":[0,0],"2":[0,0],"3":[0,0],"4":[0,0],"5":[0,0],"6":[0,0],"7":[0,0],"8":[0,0],"9":[0,0],"10":[0,0],"11":[0,0],"12":[0,0],"13":[0,0],"14":[0,0],"15":[0,0],"16":[0,0],"17":[0,0],"18":[0,0],"19":[0,0],"20":[0,0]},"f":{"1":0,"2":0,"3":0,"4":0,"5":0,"6":0,"7":0,"8":0,"9":0,"10":0,"11":0,"12":0,"13":0,"14":0,"15":0,"16":0,"17":0,"18":0,"19":0,"20":0,"21":0,"22":0,"23":0,"24":0,"25":0,"26":0,"27":0,"28":0,"29":0,"30":0,"31":0,"32":0,"33":0,"34":0,"35":0,"36":0,"37":0,"38":0,"39":0,"40":0,"41":0,"42":0,"43":0,"44":0,"45":0,"46":0,"47":0,"48":0,"49":0},"fnMap":{"1":{"name":"(anonymous_1)","line":11,"loc":{"start":{"line":11,"column":11},"end":{"line":11,"column":22}}},"2":{"name":"(anonymous_2)","line":24,"loc":{"start":{"line":24,"column":14},"end":{"line":24,"column":32}}},"3":{"name":"(anonymous_3)","line":25,"loc":{"start":{"line":25,"column":16},"end":{"line":25,"column":31}}},"4":{"name":"(anonymous_4)","line":46,"loc":{"start":{"line":46,"column":15},"end":{"line":46,"column":26}}},"5":{"name":"(anonymous_5)","line":60,"loc":{"start":{"line":60,"column":13},"end":{"line":60,"column":24}}},"6":{"name":"(anonymous_6)","line":66,"loc":{"start":{"line":66,"column":24},"end":{"line":66,"column":39}}},"7":{"name":"(anonymous_7)","line":74,"loc":{"start":{"line":74,"column":21},"end":{"line":74,"column":40}}},"8":{"name":"(anonymous_8)","line":79,"loc":{"start":{"line":79,"column":14},"end":{"line":79,"column":28}}},"9":{"name":"(anonymous_9)","line":80,"loc":{"start":{"line":80,"column":14},"end":{"line":80,"column":28}}},"10":{"name":"(anonymous_10)","line":81,"loc":{"start":{"line":81,"column":14},"end":{"line":81,"column":28}}},"11":{"name":"(anonymous_11)","line":82,"loc":{"start":{"line":82,"column":14},"end":{"line":82,"column":28}}},"12":{"name":"(anonymous_12)","line":83,"loc":{"start":{"line":83,"column":14},"end":{"line":83,"column":28}}},"13":{"name":"(anonymous_13)","line":84,"loc":{"start":{"line":84,"column":14},"end":{"line":84,"column":28}}},"14":{"name":"(anonymous_14)","line":88,"loc":{"start":{"line":88,"column":24},"end":{"line":88,"column":39}}},"15":{"name":"(anonymous_15)","line":97,"loc":{"start":{"line":97,"column":21},"end":{"line":97,"column":41}}},"16":{"name":"(anonymous_16)","line":101,"loc":{"start":{"line":101,"column":14},"end":{"line":101,"column":28}}},"17":{"name":"(anonymous_17)","line":102,"loc":{"start":{"line":102,"column":14},"end":{"line":102,"column":28}}},"18":{"name":"(anonymous_18)","line":103,"loc":{"start":{"line":103,"column":14},"end":{"line":103,"column":28}}},"19":{"name":"(anonymous_19)","line":104,"loc":{"start":{"line":104,"column":14},"end":{"line":104,"column":28}}},"20":{"name":"(anonymous_20)","line":105,"loc":{"start":{"line":105,"column":14},"end":{"line":105,"column":28}}},"21":{"name":"(anonymous_21)","line":106,"loc":{"start":{"line":106,"column":14},"end":{"line":106,"column":28}}},"22":{"name":"(anonymous_22)","line":116,"loc":{"start":{"line":116,"column":25},"end":{"line":116,"column":39}}},"23":{"name":"(anonymous_23)","line":118,"loc":{"start":{"line":118,"column":21},"end":{"line":118,"column":47}}},"24":{"name":"(anonymous_24)","line":127,"loc":{"start":{"line":127,"column":6},"end":{"line":127,"column":29}}},"25":{"name":"(anonymous_25)","line":137,"loc":{"start":{"line":137,"column":28},"end":{"line":137,"column":42}}},"26":{"name":"(anonymous_26)","line":139,"loc":{"start":{"line":139,"column":21},"end":{"line":139,"column":47}}},"27":{"name":"(anonymous_27)","line":141,"loc":{"start":{"line":141,"column":32},"end":{"line":141,"column":43}}},"28":{"name":"(anonymous_28)","line":145,"loc":{"start":{"line":145,"column":18},"end":{"line":145,"column":32}}},"29":{"name":"(anonymous_29)","line":150,"loc":{"start":{"line":150,"column":18},"end":{"line":150,"column":29}}},"30":{"name":"(anonymous_30)","line":162,"loc":{"start":{"line":162,"column":25},"end":{"line":162,"column":39}}},"31":{"name":"(anonymous_31)","line":164,"loc":{"start":{"line":164,"column":21},"end":{"line":164,"column":47}}},"32":{"name":"(anonymous_32)","line":165,"loc":{"start":{"line":165,"column":27},"end":{"line":165,"column":47}}},"33":{"name":"(anonymous_33)","line":175,"loc":{"start":{"line":175,"column":25},"end":{"line":175,"column":39}}},"34":{"name":"(anonymous_34)","line":178,"loc":{"start":{"line":178,"column":21},"end":{"line":178,"column":47}}},"35":{"name":"(anonymous_35)","line":180,"loc":{"start":{"line":180,"column":6},"end":{"line":180,"column":23}}},"36":{"name":"(anonymous_36)","line":185,"loc":{"start":{"line":185,"column":23},"end":{"line":185,"column":40}}},"37":{"name":"(anonymous_37)","line":188,"loc":{"start":{"line":188,"column":23},"end":{"line":188,"column":34}}},"38":{"name":"(anonymous_38)","line":204,"loc":{"start":{"line":204,"column":27},"end":{"line":204,"column":41}}},"39":{"name":"(anonymous_39)","line":206,"loc":{"start":{"line":206,"column":21},"end":{"line":206,"column":47}}},"40":{"name":"(anonymous_40)","line":207,"loc":{"start":{"line":207,"column":28},"end":{"line":207,"column":42}}},"41":{"name":"(anonymous_41)","line":215,"loc":{"start":{"line":215,"column":27},"end":{"line":215,"column":41}}},"42":{"name":"(anonymous_42)","line":218,"loc":{"start":{"line":218,"column":21},"end":{"line":218,"column":47}}},"43":{"name":"(anonymous_43)","line":219,"loc":{"start":{"line":219,"column":31},"end":{"line":219,"column":48}}},"44":{"name":"(anonymous_44)","line":229,"loc":{"start":{"line":229,"column":25},"end":{"line":229,"column":39}}},"45":{"name":"(anonymous_45)","line":232,"loc":{"start":{"line":232,"column":21},"end":{"line":232,"column":47}}},"46":{"name":"(anonymous_46)","line":233,"loc":{"start":{"line":233,"column":33},"end":{"line":233,"column":47}}},"47":{"name":"(anonymous_47)","line":236,"loc":{"start":{"line":236,"column":21},"end":{"line":236,"column":38}}},"48":{"name":"(anonymous_48)","line":239,"loc":{"start":{"line":239,"column":21},"end":{"line":239,"column":32}}},"49":{"name":"(anonymous_49)","line":253,"loc":{"start":{"line":253,"column":30},"end":{"line":253,"column":52}}}},"statementMap":{"1":{"start":{"line":1,"column":0},"end":{"line":1,"column":45}},"2":{"start":{"line":2,"column":0},"end":{"line":2,"column":44}},"3":{"start":{"line":3,"column":0},"end":{"line":3,"column":27}},"4":{"start":{"line":4,"column":0},"end":{"line":4,"column":34}},"5":{"start":{"line":5,"column":0},"end":{"line":5,"column":40}},"6":{"start":{"line":6,"column":0},"end":{"line":6,"column":40}},"7":{"start":{"line":7,"column":0},"end":{"line":7,"column":30}},"8":{"start":{"line":8,"column":0},"end":{"line":8,"column":50}},"9":{"start":{"line":9,"column":0},"end":{"line":9,"column":37}},"10":{"start":{"line":10,"column":0},"end":{"line":10,"column":27}},"11":{"start":{"line":11,"column":0},"end":{"line":11,"column":25}},"12":{"start":{"line":12,"column":0},"end":{"line":12,"column":34}},"13":{"start":{"line":14,"column":0},"end":{"line":22,"column":2}},"14":{"start":{"line":24,"column":0},"end":{"line":44,"column":2}},"15":{"start":{"line":25,"column":2},"end":{"line":43,"column":13}},"16":{"start":{"line":26,"column":4},"end":{"line":26,"column":22}},"17":{"start":{"line":27,"column":4},"end":{"line":30,"column":7}},"18":{"start":{"line":28,"column":8},"end":{"line":28,"column":40}},"19":{"start":{"line":29,"column":8},"end":{"line":29,"column":26}},"20":{"start":{"line":31,"column":6},"end":{"line":31,"column":25}},"21":{"start":{"line":46,"column":0},"end":{"line":58,"column":2}},"22":{"start":{"line":47,"column":2},"end":{"line":47,"column":20}},"23":{"start":{"line":48,"column":2},"end":{"line":51,"column":3}},"24":{"start":{"line":49,"column":4},"end":{"line":49,"column":24}},"25":{"start":{"line":50,"column":4},"end":{"line":50,"column":29}},"26":{"start":{"line":52,"column":2},"end":{"line":55,"column":3}},"27":{"start":{"line":53,"column":4},"end":{"line":53,"column":24}},"28":{"start":{"line":54,"column":4},"end":{"line":54,"column":29}},"29":{"start":{"line":56,"column":2},"end":{"line":56,"column":39}},"30":{"start":{"line":57,"column":2},"end":{"line":57,"column":22}},"31":{"start":{"line":60,"column":0},"end":{"line":109,"column":2}},"32":{"start":{"line":61,"column":2},"end":{"line":61,"column":53}},"33":{"start":{"line":61,"column":33},"end":{"line":61,"column":53}},"34":{"start":{"line":62,"column":2},"end":{"line":62,"column":16}},"35":{"start":{"line":63,"column":2},"end":{"line":63,"column":19}},"36":{"start":{"line":64,"column":2},"end":{"line":64,"column":39}},"37":{"start":{"line":66,"column":2},"end":{"line":86,"column":11}},"38":{"start":{"line":67,"column":4},"end":{"line":67,"column":20}},"39":{"start":{"line":68,"column":4},"end":{"line":68,"column":23}},"40":{"start":{"line":69,"column":4},"end":{"line":69,"column":24}},"41":{"start":{"line":70,"column":4},"end":{"line":70,"column":23}},"42":{"start":{"line":71,"column":4},"end":{"line":71,"column":18}},"43":{"start":{"line":72,"column":4},"end":{"line":72,"column":28}},"44":{"start":{"line":73,"column":4},"end":{"line":73,"column":20}},"45":{"start":{"line":74,"column":4},"end":{"line":85,"column":7}},"46":{"start":{"line":75,"column":6},"end":{"line":75,"column":50}},"47":{"start":{"line":76,"column":6},"end":{"line":76,"column":42}},"48":{"start":{"line":76,"column":15},"end":{"line":76,"column":42}},"49":{"start":{"line":77,"column":6},"end":{"line":77,"column":46}},"50":{"start":{"line":78,"column":6},"end":{"line":84,"column":54}},"51":{"start":{"line":79,"column":30},"end":{"line":79,"column":56}},"52":{"start":{"line":80,"column":30},"end":{"line":80,"column":55}},"53":{"start":{"line":81,"column":30},"end":{"line":81,"column":53}},"54":{"start":{"line":82,"column":30},"end":{"line":82,"column":55}},"55":{"start":{"line":83,"column":30},"end":{"line":83,"column":68}},"56":{"start":{"line":84,"column":30},"end":{"line":84,"column":50}},"57":{"start":{"line":88,"column":2},"end":{"line":108,"column":11}},"58":{"start":{"line":89,"column":4},"end":{"line":89,"column":20}},"59":{"start":{"line":90,"column":4},"end":{"line":90,"column":23}},"60":{"start":{"line":91,"column":4},"end":{"line":91,"column":24}},"61":{"start":{"line":92,"column":4},"end":{"line":92,"column":23}},"62":{"start":{"line":93,"column":4},"end":{"line":93,"column":18}},"63":{"start":{"line":94,"column":4},"end":{"line":94,"column":28}},"64":{"start":{"line":95,"column":4},"end":{"line":95,"column":20}},"65":{"start":{"line":96,"column":4},"end":{"line":96,"column":44}},"66":{"start":{"line":97,"column":4},"end":{"line":107,"column":7}},"67":{"start":{"line":98,"column":6},"end":{"line":98,"column":50}},"68":{"start":{"line":99,"column":6},"end":{"line":99,"column":38}},"69":{"start":{"line":99,"column":15},"end":{"line":99,"column":38}},"70":{"start":{"line":100,"column":6},"end":{"line":106,"column":54}},"71":{"start":{"line":101,"column":30},"end":{"line":101,"column":56}},"72":{"start":{"line":102,"column":30},"end":{"line":102,"column":53}},"73":{"start":{"line":103,"column":30},"end":{"line":103,"column":53}},"74":{"start":{"line":104,"column":30},"end":{"line":104,"column":55}},"75":{"start":{"line":105,"column":30},"end":{"line":105,"column":68}},"76":{"start":{"line":106,"column":30},"end":{"line":106,"column":50}},"77":{"start":{"line":111,"column":0},"end":{"line":111,"column":21}},"78":{"start":{"line":116,"column":0},"end":{"line":134,"column":2}},"79":{"start":{"line":117,"column":2},"end":{"line":117,"column":35}},"80":{"start":{"line":118,"column":2},"end":{"line":133,"column":5}},"81":{"start":{"line":119,"column":4},"end":{"line":122,"column":5}},"82":{"start":{"line":120,"column":6},"end":{"line":120,"column":40}},"83":{"start":{"line":121,"column":6},"end":{"line":121,"column":26}},"84":{"start":{"line":123,"column":4},"end":{"line":132,"column":6}},"85":{"start":{"line":128,"column":8},"end":{"line":128,"column":36}},"86":{"start":{"line":128,"column":17},"end":{"line":128,"column":36}},"87":{"start":{"line":129,"column":8},"end":{"line":129,"column":35}},"88":{"start":{"line":130,"column":8},"end":{"line":130,"column":21}},"89":{"start":{"line":137,"column":0},"end":{"line":159,"column":2}},"90":{"start":{"line":138,"column":2},"end":{"line":138,"column":37}},"91":{"start":{"line":139,"column":2},"end":{"line":158,"column":5}},"92":{"start":{"line":140,"column":4},"end":{"line":140,"column":30}},"93":{"start":{"line":141,"column":4},"end":{"line":144,"column":7}},"94":{"start":{"line":142,"column":6},"end":{"line":142,"column":26}},"95":{"start":{"line":143,"column":6},"end":{"line":143,"column":19}},"96":{"start":{"line":145,"column":4},"end":{"line":149,"column":6}},"97":{"start":{"line":146,"column":6},"end":{"line":146,"column":36}},"98":{"start":{"line":147,"column":6},"end":{"line":147,"column":46}},"99":{"start":{"line":148,"column":6},"end":{"line":148,"column":21}},"100":{"start":{"line":150,"column":4},"end":{"line":155,"column":6}},"101":{"start":{"line":151,"column":6},"end":{"line":151,"column":30}},"102":{"start":{"line":152,"column":6},"end":{"line":152,"column":53}},"103":{"start":{"line":153,"column":6},"end":{"line":153,"column":46}},"104":{"start":{"line":154,"column":6},"end":{"line":154,"column":30}},"105":{"start":{"line":156,"column":4},"end":{"line":156,"column":39}},"106":{"start":{"line":157,"column":4},"end":{"line":157,"column":32}},"107":{"start":{"line":162,"column":0},"end":{"line":172,"column":2}},"108":{"start":{"line":163,"column":2},"end":{"line":163,"column":34}},"109":{"start":{"line":164,"column":2},"end":{"line":171,"column":5}},"110":{"start":{"line":165,"column":4},"end":{"line":170,"column":7}},"111":{"start":{"line":166,"column":6},"end":{"line":166,"column":34}},"112":{"start":{"line":166,"column":15},"end":{"line":166,"column":34}},"113":{"start":{"line":167,"column":6},"end":{"line":167,"column":66}},"114":{"start":{"line":167,"column":24},"end":{"line":167,"column":66}},"115":{"start":{"line":168,"column":6},"end":{"line":168,"column":28}},"116":{"start":{"line":169,"column":6},"end":{"line":169,"column":19}},"117":{"start":{"line":175,"column":0},"end":{"line":201,"column":2}},"118":{"start":{"line":176,"column":2},"end":{"line":176,"column":18}},"119":{"start":{"line":177,"column":2},"end":{"line":177,"column":34}},"120":{"start":{"line":178,"column":2},"end":{"line":200,"column":5}},"121":{"start":{"line":179,"column":4},"end":{"line":199,"column":6}},"122":{"start":{"line":181,"column":8},"end":{"line":181,"column":36}},"123":{"start":{"line":181,"column":17},"end":{"line":181,"column":36}},"124":{"start":{"line":182,"column":8},"end":{"line":182,"column":53}},"125":{"start":{"line":182,"column":27},"end":{"line":182,"column":53}},"126":{"start":{"line":183,"column":8},"end":{"line":183,"column":38}},"127":{"start":{"line":184,"column":8},"end":{"line":184,"column":23}},"128":{"start":{"line":185,"column":8},"end":{"line":187,"column":10}},"129":{"start":{"line":186,"column":10},"end":{"line":186,"column":65}},"130":{"start":{"line":188,"column":8},"end":{"line":194,"column":10}},"131":{"start":{"line":189,"column":10},"end":{"line":189,"column":41}},"132":{"start":{"line":190,"column":10},"end":{"line":190,"column":56}},"133":{"start":{"line":191,"column":10},"end":{"line":191,"column":56}},"134":{"start":{"line":192,"column":10},"end":{"line":192,"column":34}},"135":{"start":{"line":193,"column":10},"end":{"line":193,"column":25}},"136":{"start":{"line":195,"column":8},"end":{"line":195,"column":42}},"137":{"start":{"line":196,"column":8},"end":{"line":196,"column":42}},"138":{"start":{"line":197,"column":8},"end":{"line":197,"column":21}},"139":{"start":{"line":204,"column":0},"end":{"line":212,"column":2}},"140":{"start":{"line":205,"column":2},"end":{"line":205,"column":18}},"141":{"start":{"line":206,"column":2},"end":{"line":211,"column":5}},"142":{"start":{"line":207,"column":4},"end":{"line":210,"column":7}},"143":{"start":{"line":208,"column":6},"end":{"line":208,"column":34}},"144":{"start":{"line":208,"column":15},"end":{"line":208,"column":34}},"145":{"start":{"line":209,"column":6},"end":{"line":209,"column":19}},"146":{"start":{"line":215,"column":0},"end":{"line":226,"column":2}},"147":{"start":{"line":216,"column":2},"end":{"line":216,"column":18}},"148":{"start":{"line":217,"column":2},"end":{"line":217,"column":36}},"149":{"start":{"line":218,"column":2},"end":{"line":225,"column":5}},"150":{"start":{"line":219,"column":4},"end":{"line":224,"column":7}},"151":{"start":{"line":220,"column":6},"end":{"line":220,"column":34}},"152":{"start":{"line":220,"column":15},"end":{"line":220,"column":34}},"153":{"start":{"line":221,"column":6},"end":{"line":221,"column":51}},"154":{"start":{"line":221,"column":25},"end":{"line":221,"column":51}},"155":{"start":{"line":222,"column":6},"end":{"line":222,"column":21}},"156":{"start":{"line":223,"column":6},"end":{"line":223,"column":19}},"157":{"start":{"line":229,"column":0},"end":{"line":251,"column":2}},"158":{"start":{"line":230,"column":2},"end":{"line":230,"column":18}},"159":{"start":{"line":231,"column":2},"end":{"line":231,"column":34}},"160":{"start":{"line":232,"column":2},"end":{"line":250,"column":5}},"161":{"start":{"line":233,"column":4},"end":{"line":249,"column":7}},"162":{"start":{"line":234,"column":6},"end":{"line":234,"column":34}},"163":{"start":{"line":234,"column":15},"end":{"line":234,"column":34}},"164":{"start":{"line":235,"column":6},"end":{"line":235,"column":36}},"165":{"start":{"line":236,"column":6},"end":{"line":238,"column":8}},"166":{"start":{"line":237,"column":8},"end":{"line":237,"column":63}},"167":{"start":{"line":239,"column":6},"end":{"line":245,"column":8}},"168":{"start":{"line":240,"column":8},"end":{"line":240,"column":39}},"169":{"start":{"line":241,"column":8},"end":{"line":241,"column":54}},"170":{"start":{"line":242,"column":8},"end":{"line":242,"column":54}},"171":{"start":{"line":243,"column":8},"end":{"line":243,"column":32}},"172":{"start":{"line":244,"column":8},"end":{"line":244,"column":23}},"173":{"start":{"line":246,"column":6},"end":{"line":246,"column":40}},"174":{"start":{"line":247,"column":6},"end":{"line":247,"column":40}},"175":{"start":{"line":248,"column":6},"end":{"line":248,"column":19}},"176":{"start":{"line":253,"column":0},"end":{"line":256,"column":2}},"177":{"start":{"line":254,"column":2},"end":{"line":254,"column":22}},"178":{"start":{"line":255,"column":2},"end":{"line":255,"column":29}},"179":{"start":{"line":258,"column":0},"end":{"line":258,"column":17}},"180":{"start":{"line":260,"column":0},"end":{"line":260,"column":24}}},"branchMap":{"1":{"line":26,"type":"binary-expr","locations":[{"start":{"line":26,"column":11},"end":{"line":26,"column":15}},{"start":{"line":26,"column":19},"end":{"line":26,"column":21}}]},"2":{"line":27,"type":"if","locations":[{"start":{"line":27,"column":4},"end":{"line":27,"column":4}},{"start":{"line":27,"column":4},"end":{"line":27,"column":4}}]},"3":{"line":48,"type":"if","locations":[{"start":{"line":48,"column":2},"end":{"line":48,"column":2}},{"start":{"line":48,"column":2},"end":{"line":48,"column":2}}]},"4":{"line":48,"type":"binary-expr","locations":[{"start":{"line":48,"column":6},"end":{"line":48,"column":17}},{"start":{"line":48,"column":21},"end":{"line":48,"column":39}}]},"5":{"line":52,"type":"if","locations":[{"start":{"line":52,"column":2},"end":{"line":52,"column":2}},{"start":{"line":52,"column":2},"end":{"line":52,"column":2}}]},"6":{"line":52,"type":"binary-expr","locations":[{"start":{"line":52,"column":6},"end":{"line":52,"column":17}},{"start":{"line":52,"column":21},"end":{"line":52,"column":39}}]},"7":{"line":61,"type":"if","locations":[{"start":{"line":61,"column":2},"end":{"line":61,"column":2}},{"start":{"line":61,"column":2},"end":{"line":61,"column":2}}]},"8":{"line":76,"type":"if","locations":[{"start":{"line":76,"column":6},"end":{"line":76,"column":6}},{"start":{"line":76,"column":6},"end":{"line":76,"column":6}}]},"9":{"line":99,"type":"if","locations":[{"start":{"line":99,"column":6},"end":{"line":99,"column":6}},{"start":{"line":99,"column":6},"end":{"line":99,"column":6}}]},"10":{"line":119,"type":"if","locations":[{"start":{"line":119,"column":4},"end":{"line":119,"column":4}},{"start":{"line":119,"column":4},"end":{"line":119,"column":4}}]},"11":{"line":124,"type":"cond-expr","locations":[{"start":{"line":124,"column":35},"end":{"line":124,"column":64}},{"start":{"line":124,"column":67},"end":{"line":124,"column":71}}]},"12":{"line":128,"type":"if","locations":[{"start":{"line":128,"column":8},"end":{"line":128,"column":8}},{"start":{"line":128,"column":8},"end":{"line":128,"column":8}}]},"13":{"line":166,"type":"if","locations":[{"start":{"line":166,"column":6},"end":{"line":166,"column":6}},{"start":{"line":166,"column":6},"end":{"line":166,"column":6}}]},"14":{"line":167,"type":"if","locations":[{"start":{"line":167,"column":6},"end":{"line":167,"column":6}},{"start":{"line":167,"column":6},"end":{"line":167,"column":6}}]},"15":{"line":181,"type":"if","locations":[{"start":{"line":181,"column":8},"end":{"line":181,"column":8}},{"start":{"line":181,"column":8},"end":{"line":181,"column":8}}]},"16":{"line":182,"type":"if","locations":[{"start":{"line":182,"column":8},"end":{"line":182,"column":8}},{"start":{"line":182,"column":8},"end":{"line":182,"column":8}}]},"17":{"line":208,"type":"if","locations":[{"start":{"line":208,"column":6},"end":{"line":208,"column":6}},{"start":{"line":208,"column":6},"end":{"line":208,"column":6}}]},"18":{"line":220,"type":"if","locations":[{"start":{"line":220,"column":6},"end":{"line":220,"column":6}},{"start":{"line":220,"column":6},"end":{"line":220,"column":6}}]},"19":{"line":221,"type":"if","locations":[{"start":{"line":221,"column":6},"end":{"line":221,"column":6}},{"start":{"line":221,"column":6},"end":{"line":221,"column":6}}]},"20":{"line":234,"type":"if","locations":[{"start":{"line":234,"column":6},"end":{"line":234,"column":6}},{"start":{"line":234,"column":6},"end":{"line":234,"column":6}}]}},"code":["var Client = require('castv2-client').Client;","var scanner = require('chromecast-scanner');","var ware = require('ware');","var mutate = require('mutate.js');","var inherits = require('util').inherits;","var ee = require('events').EventEmitter;","var extend = require('xtend');","var debug = require('debug')('chromecast-player');","var Promise = require('promiscuous');","var api = require('./api');","var noop = function() {};","var slice = Array.prototype.slice;","","var defaults = {","  autoplay: true,","  ttl: 10000,","  startTime: 0,","  streamType: 'BUFFERED',","  activeTrackIds: [],","  media: {},","  cb: noop","};","","var apirize = function(fn, ctx) {","  return mutate(function(opts) {","    opts = opts || {};","    if (opts._opts) {","        opts = extend(opts, opts._opts);","        delete opts._opts;","      }","      fn.call(ctx, opts);","    })","    .method(['function'], ['cb'])","    .method(['object', 'function'], ['_opts', 'cb'])","    .method(['string'], ['path'])","    .method(['string', 'function'], ['path', 'cb'])","    .method(['string', 'object'], ['path', '_opts'])","    .method(['string', 'object', 'function'], ['path', '_opts', 'cb'])","    .method(['string', 'string'], ['path', 'type'])","    .method(['string', 'string', 'function'], ['path', 'type', 'cb'])","    .method(['string', 'string', 'object'], ['path', 'type', '_opts'])","    .method(['string', 'string', 'object', 'function'], ['path', 'type', '_opts', 'cb'])","    .close();","};","","var shutdown = function() {","  debug('shutdown');","  if (this.client && !this.clientClosed) {","    this.client.close();","    this.clientClosed = true;","  }","  if (this.player && !this.playerClosed) {","    this.player.close();","    this.playerClosed = true;","  }","  this.inst._setStatus(this, 'closed');","  this.emit('closed');","};","","var player = function() {","  if (!(this instanceof player)) return new player();","  ee.call(this);","  this.mw = ware();","  this.use = this.mw.use.bind(this.mw);","","  this.launch = apirize(function(opts) {","    var that = this;","    var ctx = new ee();","    ctx.mode = 'launch';","    ctx.options = opts;","    ctx.api = api;","    ctx.shutdown = shutdown;","    ctx.inst = this;","    this.mw.run(ctx, function(err, ctx) {","      ctx.options = extend(defaults, ctx.options);","      if (err) return ctx.options.cb(err);","      that._setStatus(ctx, 'loading plugins');","      that._scan(ctx)","        .then(function(ctx) { return that._connect(ctx); })","        .then(function(ctx) { return that._launch(ctx); })","        .then(function(ctx) { return that._load(ctx); })","        .then(function(ctx) { return that._status(ctx); })","        .then(function(ctx) { ctx.options.cb(null, ctx.player, ctx); },","              function(err) { ctx.options.cb(err); });","    });","  }, this);","","  this.attach = apirize(function(opts) {","    var that = this;","    var ctx = new ee();","    ctx.mode = 'attach';","    ctx.options = opts;","    ctx.api = api;","    ctx.shutdown = shutdown;","    ctx.inst = this;","    that._setStatus(ctx, 'loading plugins');","    this.mw.run(ctx, function(err, opts) {","      ctx.options = extend(defaults, ctx.options);","      if (err) return options.cb(err);","      that._scan(ctx)","        .then(function(ctx) { return that._connect(ctx); })","        .then(function(ctx) { return that._find(ctx); })","        .then(function(ctx) { return that._join(ctx); })","        .then(function(ctx) { return that._status(ctx); })","        .then(function(ctx) { ctx.options.cb(null, ctx.player, ctx); },","              function(err) { ctx.options.cb(err); });","    });","  }, this);","};","","inherits(player, ee);","","// find chromecast devices in the network and","// either return the first found or the one","// which matches device.","player.prototype._scan = function(ctx) {","  this._setStatus(ctx, 'scanning');","  return new Promise(function(resolve, reject) {","    if (ctx.options.address) {","      ctx.address = ctx.options.address;","      return resolve(ctx);","    }","    scanner({","        name: ctx.options.device ? ctx.options.device + '.local' : null,","        ttl: ctx.options.ttl,","      },","      function(err, service) {","        if (err) return reject(err);","        ctx.address = service.data;","        resolve(ctx);","      }","    );","  });","};","","// establish a connection to a chromecast device","player.prototype._connect = function(ctx) {","  this._setStatus(ctx, 'connecting');","  return new Promise(function(resolve, reject) {","    var client = new Client();","    client.connect(ctx.address, function() {","      ctx.client = client;","      resolve(ctx);","    });","    var onError = function(err) {","      debug('client error %o', err);","      client.removeListener('error', onError);","      ctx.shutdown();","    };","    var onClose = function() {","      debug('client onClose');","      client.client.removeListener('close', onClose);","      client.removeListener('error', onError);","      ctx.clientClosed = true;","    };","    client.client.on('close', onClose);","    client.on('error', onError);","  });","};","","// find running app","player.prototype._find = function(ctx) {","  this._setStatus(ctx, 'finding');","  return new Promise(function(resolve, reject) {","    ctx.client.getSessions(function(err, apps) {","      if (err) return reject(err);","      if (!apps.length) return reject(new Error('app not found'));","      ctx.session = apps[0];","      resolve(ctx);","    });","  });","};","","// join an existing chromecast session","player.prototype._join = function(ctx) {","  var that = this;","  this._setStatus(ctx, 'joining');","  return new Promise(function(resolve, reject) {","    ctx.client.join(ctx.session, ctx.api,","      function(err, p) {","        if (err) return reject(err);","        if (p.setPlatform) p.setPlatform(ctx.client);","        that._setStatus(ctx, 'ready');","        ctx.player = p;","        var onStatus = function(status) {","          that._setStatus(ctx, status.playerState.toLowerCase());","        };","        var onClosed = function() {","          debug('_join 
[...]
,"column":2}},"87":{"start":{"line":138,"column":2},"end":{"line":138,"column":27}},"88":{"start":{"line":141,"column":0},"end":{"line":143,"column":2}},"89":{"start":{"line":142,"column":2},"end":{"line":142,"column":44}},"90":{"start":{"line":145,"column":0},"end":{"line":147,"column":2}},"91":{"start":{"line":146,"column":2},"end":{"line":146,"column":45}},"92":{"start":{"line":149,"column":0},"end":{"line":151,"column":2}},"93":{"start":{"line":150,"column":2},"end":{"line":150,"column":44}},"94":{"start":{"line":153,"column":0},"end":{"line":158,"column":2}},"95":{"start":{"line":154,"column":2},"end":{"line":157,"column":9}},"96":{"start":{"line":161,"column":0},"end":{"line":163,"column":2}},"97":{"start":{"line":162,"column":2},"end":{"line":162,"column":57}},"98":{"start":{"line":165,"column":0},"end":{"line":167,"column":2}},"99":{"start":{"line":166,"column":2},"end":{"line":166,"column":38}},"100":{"start":{"line":169,"column":0},"end":{"line":171,"column":2}},"101":{"start":{"line":170,"column":2},"end":{"line":170,"column":55}},"102":{"start":{"line":173,"column":0},"end":{"line":175,"column":2}},"103":{"start":{"line":174,"column":2},"end":{"line":174,"column":56}},"104":{"start":{"line":177,"column":0},"end":{"line":179,"column":2}},"105":{"start":{"line":178,"column":2},"end":{"line":178,"column":37}},"106":{"start":{"line":181,"column":0},"end":{"line":183,"column":2}},"107":{"start":{"line":182,"column":2},"end":{"line":182,"column":37}},"108":{"start":{"line":185,"column":0},"end":{"line":185,"column":21}}},"branchMap":{"1":{"line":18,"type":"if","locations":[{"start":{"line":18,"column":4},"end":{"line":18,"column":4}},{"start":{"line":18,"column":4},"end":{"line":18,"column":4}}]},"2":{"line":18,"type":"binary-expr","locations":[{"start":{"line":18,"column":8},"end":{"line":18,"column":40}},{"start":{"line":19,"column":8},"end":{"line":19,"column":18}},{"start":{"line":20,"column":8},"end":{"line":20,"column":24}},{"start":{"line":21,"column":8},"end":{"line":21,"column":31}},{"start":{"line":22,"column":8},"end":{"line":22,"column":27}}]},"3":{"line":37,"type":"if","locations":[{"start":{"line":37,"column":4},"end":{"line":37,"column":4}},{"start":{"line":37,"column":4},"end":{"line":37,"column":4}}]},"4":{"line":66,"type":"if","locations":[{"start":{"line":66,"column":6},"end":{"line":66,"column":6}},{"start":{"line":66,"column":6},"end":{"line":66,"column":6}}]},"5":{"line":76,"type":"binary-expr","locations":[{"start":{"line":76,"column":7},"end":{"line":76,"column":9}},{"start":{"line":76,"column":13},"end":{"line":76,"column":17}}]},"6":{"line":78,"type":"if","locations":[{"start":{"line":78,"column":4},"end":{"line":78,"column":4}},{"start":{"line":78,"column":4},"end":{"line":78,"column":4}}]},"7":{"line":102,"type":"if","locations":[{"start":{"line":102,"column":6},"end":{"line":102,"column":6}},{"start":{"line":102,"column":6},"end":{"line":102,"column":6}}]},"8":{"line":103,"type":"if","locations":[{"start":{"line":103,"column":6},"end":{"line":103,"column":6}},{"start":{"line":103,"column":6},"end":{"line":103,"column":6}}]},"9":{"line":112,"type":"if","locations":[{"start":{"line":112,"column":2},"end":{"line":112,"column":2}},{"start":{"line":112,"column":2},"end":{"line":112,"column":2}}]},"10":{"line":114,"type":"if","locations":[{"start":{"line":114,"column":4},"end":{"line":114,"column":4}},{"start":{"line":114,"column":4},"end":{"line":114,"column":4}}]},"11":{"line":121,"type":"binary-expr","locations":[{"start":{"line":121,"column":7},"end":{"line":121,"column":9}},{"start":{"line":121,"column":13},"end":{"line":121,"column":17}}]},"12":{"line":123,"type":"if","locations":[{"start":{"line":123,"column":4},"end":{"line":123,"column":4}},{"start":{"line":123,"column":4},"end":{"line":123,"column":4}}]},"13":{"line":124,"type":"if","locations":[{"start":{"line":124,"column":4},"end":{"line":124,"column":4}},{"start":{"line":124,"column":4},"end":{"line":124,"column":4}}]},"14":{"line":128,"type":"if","locations":[{"start":{"line":128,"column":8},"end":{"line":128,"column":8}},{"start":{"line":128,"column":8},"end":{"line":128,"column":8}}]},"15":{"line":162,"type":"binary-expr","locations":[{"start":{"line":162,"column":45},"end":{"line":162,"column":47}},{"start":{"line":162,"column":51},"end":{"line":162,"column":55}}]},"16":{"line":166,"type":"binary-expr","locations":[{"start":{"line":166,"column":26},"end":{"line":166,"column":28}},{"start":{"line":166,"column":32},"end":{"line":166,"column":36}}]},"17":{"line":170,"type":"binary-expr","locations":[{"start":{"line":170,"column":43},"end":{"line":170,"column":45}},{"start":{"line":170,"column":49},"end":{"line":170,"column":53}}]},"18":{"line":174,"type":"binary-expr","locations":[{"start":{"line":174,"column":44},"end":{"line":174,"column":46}},{"start":{"line":174,"column":50},"end":{"line":174,"column":54}}]}},"code":["var castv2Cli = require('castv2-client');","var inherits = require('util').inherits;","var Application = castv2Cli.Application;","var RequestResponseController = castv2Cli.RequestResponseController;","var extend = require('xtend');","var debug = require('debug')('chromecast-player:api');","var timelineHelper = require('./timelineHelper');","var noop = function() {};","var slice = Array.prototype.slice;","","var Api = function(client, session) {","  var that = this;","  Application.apply(this, arguments);","  this.reqres = this.createController(RequestResponseController,","    'urn:x-cast:com.google.cast.media');","","  var onMessage = function(response, broadcast) {","    if (response.type !== 'MEDIA_STATUS' ||","        !broadcast ||","        !response.status ||","        !response.status.length ||","        !response.status[0]) {","      return;","    }","","    var status = response.status[0];","    that.currentSession = status;","    that.emit(status.playerState.toLowerCase(), status);","    that.emit('status', status);","  };","","  var onClose = function() {","    debug('API close');","    that.reqres.removeListener('message', onMessage);","    that.reqres.removeListener('close', onClose);","    that.removeListener('close', onClose);","    if (that.client) {","      that.client.removeListener('close', onClose);","    }","    that.tlHelper.removeListener('position', onPosition);","    that.emit('closed');","  };","","  this.reqres.on('message', onMessage);","  this.reqres.on('close', onClose);","  this.client.on('close', onClose);","  this.on('close', onClose);","","  this.tlHelper = timelineHelper(this);","","  var onPosition = function(pos) {","    that.emit('position', pos);","  };","","  this.tlHelper.on('position', onPosition);","};","","Api.APP_ID = 'CC1AD845';","","inherits(Api, Application);","","Api.prototype.getStatus = function(cb) {","  var that = this;","  this.reqres.request({ type: 'GET_STATUS' },","    function(err, response) {","      if(err) return callback(err);","      var status = response.status[0];","      that.currentSession = status;","      cb(null, status);","    }","  );","};","","Api.prototype.updateStatus = function(cb) {","  var that = this;","  cb = cb || noop;","  this.getStatus(function(err, status) {","    if (status) {","      that.emit(status.playerState.toLowerCase(), status);","      that.emit('status', status);","    }","    cb(err, status);","  });","};","","Api.prototype.load = function(opts, cb) {","  var options = {","    type: 'LOAD',","    autoplay: opts.autoplay,","    currentTime: opts.startTime,","    activeTrackIds: opts.activeTrackIds","  };","  var media = extend({","    contentId: opts.path,","    contentType: opts.type,","    streamType: opts.streamType","  }, opts.media);","  options.media = media;","","  this.reqres.request(options,","    function(err, response) {","      if(err) return cb(err);","      if(response.type === 'LOAD_FAILED') {","        return cb(new Error('Load failed'));","      }","      cb(null, response.status[0]);","    }","  );","};","","Api.prototype.getCurrentSession = function(cb) {","  if (this.currentSession) return cb(null, this.currentSession);","  this.getStatus(function(err, status) {","    if (err) return cb(err);","    cb(null, status);","  });","};","","Api.prototype.sessionRequest = function(data, cb) {","  var that = this;","  cb = cb || noop;","  this.getCurrentSession(function(err, session) {","    if (err) return cb(err);","    if (!session) return cb(new Error('session not found'));","    var sessionId = session.mediaSessionId;","    that.reqres.request(extend(data, { mediaSessionId: sessionId } ),","      function(err, response) {","        if(err) return cb(err);","        cb(null, response.status[0]);","      }","    );","  });","};","","// create a back-reference to the platform","// needed for some api methods.","Api.prototype.setPlatform = function(platform) {","  this.platform = platform;","};","","Api.prototype.play = function(cb) {","  this.sessionRequest({ type: 'PLAY' }, cb);","};","","Api.prototype.pause = function(cb) {","  this.sessionRequest({ type: 'PAUSE' }, cb);","};","","Api.prototype.stop = function(cb) {","  this.sessionRequest({ type: 'STOP' }, cb);","};","","Api.prototype.seek = function(currentTime, cb) {","  this.sessionRequest({","    type: 'SEEK',","    currentTime: currentTime","  }, cb);","};","","// volume can be a number between 0 and 1","Api.prototype.setVolume = function(volume, cb) {","  this.platform.setVolume({ level: volume }, cb || noop);","};","","Api.prototype.getVolume = function(cb) {","  this.platform.getVolume(cb || noop);","};","","Api.prototype.mute = function(cb) {","  this.platform.setVolume({ muted: true }, cb || noop);","};","","Api.prototype.unmute = function(cb) {","  this.platform.setVolume({ muted: false }, cb || noop);","};","","Api.prototype.getPosition = function() {","  return this.tlHelper.getPosition();","};","","Api.prototype.getProgress = function() {","  return this.tlHelper.getProgress();","};","","module.exports = Api;",""],"l":{"1":1,"2":1,"3":1,"4":1,"5":1,"6":1,"7":1,"8":1,"9":1,"11":1,"12":0,"13":0,"14":0,"17":0,"18":0,"23":0,"26":0,"27":0,"28":0,"29":0,"32":0,"33":0,"34":0,"35":0,"36":0,"37":0,"38":0,"40":0,"41":0,"44":0,"45":0,"46":0,"47":0,"49":0,"51":0,"52":0,"55":0,"58":1,"60":1,"62":1,"63":0,"64":0,"66":0,"67":0,"68":0,"69":0,"74":1,"75":0,"76":0,"77":0,"78":0,"79":0,"80":0,"82":0,"86":1,"87":0,"93":0,"98":0,"100":0,"102":0,"103":0,"104":0,"106":0,"111":1,"112":0,"113":0,"114":0,"115":0,"119":1,"120":0,"121":0,"122":0,"123":0,"124":0,"125":0,"126":0,"128":0,"129":0,"137":1,"138":0,"141":1,"142":0,"145":1,"146":0,"149":1,"150":0,"153":1,"154":0,"161":1,"162":0,"165":1,"166":0,"169":1,"170":0,"173":1,"174":0,"177":1,"178":0,"181":1,"182":0,"185":1}},"/home/travis/build/npmtest/node-npmtest-chromecast-player/node_modules/chromecast-player/timelineHelper.js":{"path":"/home/travis/build/npmtest/node-npmtest-chromecast-player/node_modules/chromecast-player/timelineHelper.js","s":{"1":1,"2":1,"3":1,"4":1,"5":1,"6":0,"7":0,"8":0,"9":0,"10":0,"11":0,"12":0,"13":0,"14":0,"15":0,"16":0,"17":0,"18":0,"19":0,"20":0,"21":0,"22":0,"23":0,"24":0,"25":0,"26":0,"27":0,"28":0,"29":1,"30":1,"31":0,"32":0,"33":0,"34":1,"35":0,"36":0,"37":0,"38":0,"39":0,"40":0,"41":0,"42":0,"43":1,"44":0,"45":0,"46":0,"47":1,"48":0,"49":0,"50":0,"51":1,"52":0,"53":1},"b":{"1":[0,0],"2":[0,0],"3":[0,0],"4":[0,0],"5":[0,0,0,0],"6":[0,0],"7":[0,0],"8":[0,0]},"f":{"1":0,"2":0,"3":0,"4":0,"5":0,"6":0,"7":0,"8":0},"fnMap":{"1":{"name":"(anonymous_1)","line":6,"loc":{"start":{"line":6,"column":21},"end":{"line":6,"column":33}}},"2":{"name":"(anonymous_2)","line":15,"loc":{"start":{"line":15,"column":19},"end":{"line":15,"column":33}}},"3":{"name":"(anonymous_3)","line":22,"loc":{"start":{"line":22,"column":17},"end":{"line":22,"column":28}}},"4":{"name":"(anonymous_4)","line":39,"loc":{"start":{"line":39,"column":43},"end":{"line":39,"column":60}}},"5":{"name":"(anonymous_5)","line":46,"loc":{"start":{"line":46,"column":41},"end":{"line":46,"column":63}}},"6":{"name":"(anonymous_6)","line":62,"loc":{"start":{"line":62,"column":39},"end":{"line":62,"column":50}}},"7":{"name":"(anonymous_7)","line":67,"loc":{"start":{"line":67,"column":39},"end":{"line":67,"column":50}}},"8":{"name":"(anonymous_8)","line":72,"loc":{"start":{"line":72,"column":34},"end":{"line":72,"column":45}}}},"statementMap":{"1":{"start":{"line":1,"column":0},"end":{"line":1,"column":36}},"2":{"start":{"line":2,"column":0},"end":{"line":2,"column":40}},"3":{"start":{"line":3,"column":0},"end":{"line":3,"column":65}},"4":{"start":{"line":4,"column":0},"end":{"line":4,"column":50}},"5":{"start":{"line":6,"column":0},"end":{"line":35,"column":2}},"6":{"start":{"line":7,"column":2},"end":{"line":7,"column":70}},"7":{"start":{"line":7,"column":41},"end":{"line":7,"column":70}},"8":{"start":{"line":8,"column":2},"end":{"line":8,"column":13}},"9":{"start":{"line":9,"column":2},"end":{"line":9,"column":15}},"10":{"start":{"line":10,"column":2},"end":{"line":10,"column":33}},"11":{"start":{"line":11,"column":2},"end":{"line":11,"column":36}},"12":{"start":{"line":13,"column":2},"end":{"line":13,"column":49}},"13":{"start":{"line":15,"column":2},"end":{"line":18,"column":15}},"14":{"start":{"line":16,"column":4},"end":{"line":16,"column":35}},"15":{"start":{"line":16,"column":28},"end":{"line":16,"column":35}},"16":{"start":{"line":17,"column":4},"end":{"line":17,"column":31}},"17":{"start":{"line":20,"column":2},"end":{"line":20,"column":41}},"18":{"start":{"line":22,"column":2},"end":{"line":29,"column":15}},"19":{"start":{"line":23,"column":4},"end":{"line":23,"column":35}},"20":{"start":{"line":24,"column":4},"end":{"line":24,"column":46}},"21":{"start":{"line":25,"column":4},"end":{"line":25,"column":51}},"22":{"start":{"line":26,"column":4},"end":{"line":26,"column":48}},"23":{"start":{"line":27,"column":4},"end":{"line":27,"column":46}},"24":{"start":{"line":28,"column":4},"end":{"line":28,"column":21}},"25":{"start":{"line":31,"column":2},"end":{"line":31,"column":32}},"26":{"start":{"line":32,"column":2},"end":{"line":32,"column":37}},"27":{"start":{"line":33,"column":2},"end":{"line":33,"column":34}},"28":{"start":{"line":34,"column":2},"end":{"line":34,"column":32}},"29":{"start":{"line":37,"column":0},"end":{"line":37,"column":39}},"30":{"start":{"line":39,"column":0},"end":{"line":44,"column":2}},"31":{"start":{"line":40,"column":2},"end":{"line":40,"column":44}},"32":{"start":{"line":41,"column":2},"end":{"line":43,"column":3}},"33":{"start":{"line":42,"column":4},"end":{"line":42,"column":20}},"34":{"start":{"line":46,"column":0},"end":{"line":59,"column":2}},"35":{"start":{"line":47,"column":2},"end":{"line":50,"column":3}},"36":{"start":{"line":48,"column":4},"end":{"line":48,"column":35}},"37":{"start":{"line":49,"column":4},"end":{"line":49,"column":11}},"38":{"start":{"line":52,"column":2},"end":{"line":55,"column":3}},"39":{"start":{"line":53,"column":4},"end":{"line":53,"column":37}},"40":{"start":{"line":54,"column":4},"end":{"line":54,"column":35}},"41":{"start":{"line":57,"column":2},"end":{"line":57,"column":32}},"42":{"start":{"line":58,"column":2},"end":{"line":58,"column":31}},"43":{"start":{"line":62,"column":0},"end":{"line":65,"column":2}},"44":{"start":{"line":63,"column":2},"end":{"line":63,"column":44}},"45":{"start":{"line":63,"column":31},"end":{"line":63,"column":44}},"46":{"start":{"line":64,"column":2},"end":{"line":64,"column":31}},"47":{"start":{"line":67,"column":0},"end":{"line":70,"column":2}},"48":{"start":{"line":68,"column":2},"end":{"line":68,"column":44}},"49":{"start":{"line":68,"column":31},"end":{"line":68,"column":44}},"50":{"start":{"line":69,"column":2},"end":{"line":69,"column":31}},"51":{"start":{"line":72,"column":0},"end":{"line":74,"column":2}},"52":{"start":{"line":73,"column":2},"end":{"line":73,"column":50}},"53":{"start":{"line":76,"column":0},"end":{"line":76,"column":32}}},"branchMap":{"1":{"line":7,"type":"if","locations":[{"start":{"line":7,"column":2},"end":{"line":7,"column":2}},{"start":{"line":7,"column":2},"end":{"line":7,"column":2}}]},"2":{"line":16,"type":"if","locations":[{"start":{"line":16,"column":4},"end":{"line":16,"column":4}},{"start":{"line":16,"column":4},"end":{"line":16,"column":4}}]},"3":{"line":41,"type":"if","locations":[{"start":{"line":41,"column":2},"end":{"line":41,"column":2}},{"start":{"line":41,"column":2},"end":{"line":41,"column":2}}]},"4":{"line":47,"type":"if","locations":[{"start":{"line":47,"column":2},"end":{"line":47,"column":2}},{"start":{"line":47,"column":2},"end":{"line":47,"column":2}}]},"5":{"line":47,"type":"binary-expr","locations":[{"start":{"line":47,"column":6},"end":{"line":47,"column":9}},{"start":{"line":47,"column":13},"end":{"line":47,"column":20}},{"start":{"line":47,"column":24},"end":{"line":47,"column":37}},{"start":{"line":47,"column":41},"end":{"line":47,"column":63}}]},"6":{"line":52,"type":"if","locations":[{"start":{"line":52,"column":2},"end":{"line":52,"column":2}},{"start":{"line":52,"column":2},"end":{"line":52,"column":2}}]},"7":{"line":63,"type":"if","locations":[{"start":{"line":63,"column":2},"end":{"line":63,"column":2}},{"start":{"line":63,"column":2},"end":{"line":63,"column":2}}]},"8":{"line":68,"type":"if","locations":[{"start":{"line":68,"column":2},"end":{"line":68,"column":2}},{"start":{"line":68,"column":2},"end":{"line":68,"column":2}}]}},"code":["var timeline = require('time-line');","var inherits = require('util').inherits;","var debug = require('debug')('chromecast-player:timelineHelper');","var EventEmitter = require('events').EventEmitter;","","var TimelineHelper = function(p) {","  if (!(this instanceof TimelineHelper)) return new TimelineHelper(p);","  this.p = p;","  this.len = 0;","  this.timelineSupported = false;","  this.tl = timeline(this.len, 250);","","  var onStatus = this._updatePosition.bind(this);","","  var onPosition = function(pos) {","    if (isNaN(pos.percent)) return;","    this.emit('position', pos);","  }.bind(this);","","  var onPlaying = this.update.bind(this);","","  var onClosed = function() {","    debug('timelineHelper closed');","    this.p.removeListener('status', onStatus);","    this.tl.removeListener('position', onPosition);","    this.p.removeListener('playing', onPlaying);","    this.p.removeListener('closed', onClosed);","    this.tl._clear();","  }.bind(this);","","  this.p.on('status', onStatus);","  this.tl.on('position', onPosition);","  this.p.on('playing', onPlaying);","  this.p.on('closed', onClosed);","};","","inherits(TimelineHelper, EventEmitter);","","TimelineHelper.prototype._updatePosition = function(status) {","  this.tl.jumpTo(status.currentTime * 1000);","  if (status.playerState.toLowerCase() !== 'playing') {","    this.tl.pause();","  }","};","","TimelineHelper.prototype._updateLength = function(err, status) {","  if (err || !status || !status.media || !status.media.duration) {","    this.timelineSupported = false;","    return;","  };","","  if (this.len !== status.media.duration) {","    this.len = status.media.duration;","    this.tl.reset(this.len * 1000);","  }","","  this.timelineSupported = true;","  this._updatePosition(status);","};","","","TimelineHelper.prototype.getPosition = function() {","  if (!this.timelineSupported) return false;","  return this.tl.getPosition();","};","","TimelineHelper.prototype.getProgress = function() {","  if (!this.timelineSupported) return false;","  return this.tl.getProgress();","};","","TimelineHelper.prototype.update = function() {","  this.p.getStatus(this._updateLength.bind(this));","};","","module.exports = TimelineHelper;",""],"l":{"1":1,"2":1,"3":1,"4":1,"6":1,"7":0,"8":0,"9":0,"10":0,"11":0,"13":0,"15":0,"16":0,"17":0,"20":0,"22":0,"23":0,"24":0,"25":0,"26":0,"27":0,"28":0,"31":0,"32":0,"33":0,"34":0,"37":1,"39":1,"40":0,"41":0,"42":0,"46":1,"47":0,"48":0,"49":0,"52":0,"53":0,"54":0,"57":0,"58":0,"62":1,"63":0,"64":0,"67":1,"68":0,"69":0,"72":1,"73":0,"76":1}}}